
{
  meta: {
    req: {
      url: '/api/admin/',
      headers: {
        'content-type': 'application/json',
        authorization: 'Bearer eyJhbGciOiJIUzI1NiIsInR5cCI6IkpXVCJ9.eyJpZCI6IjE0IiwiaXNfYWN0aXZlIjpmYWxzZSwiaWF0IjoxNzA5NzQ3MDA3LCJleHAiOjE3MDk3NDc5MDd9.baYPR33MWduPeOegx7pZYGld4EFfgLeqRsZg5QbjCm0',
        'user-agent': 'PostmanRuntime/7.36.3',
        accept: '*/*',
        'postman-token': '0c56e0f3-a67c-4d6c-af22-476c33a855f5',
        host: 'localhost:3000',
        'accept-encoding': 'gzip, deflate, br',
        connection: 'keep-alive',
        'content-length': '244',
        cookie: 'refreshToken=eyJhbGciOiJIUzI1NiIsInR5cCI6IkpXVCJ9.eyJpZCI6IjE2IiwiaXNfYWN0aXZlIjpmYWxzZSwiaXNfY3JlYXRvciI6dHJ1ZSwiaWF0IjoxNzA5NzQ3MTU0LCJleHAiOjE3MDk3NDg5NTR9.OyMXZ-V9FNXIblL1I2Cr7sX68tU7oxZKwLNT0xpSP30'
      },
      method: 'POST',
      httpVersion: '1.1',
      originalUrl: '/api/admin/',
      query: {}
    },
    res: { statusCode: 403 },
    responseTime: 7
  },
  level: 'info',
  message: 'POST /api/admin/ 403 7ms',
  timestamp: '2024-03-07T03:29:32.434Z'
}
{
  meta: {
    req: {
      url: '/api/admin/login/',
      headers: {
        'content-type': 'application/json',
        'user-agent': 'PostmanRuntime/7.36.3',
        accept: '*/*',
        'postman-token': '121767c3-1e37-483a-9c68-f2a45c331234',
        host: 'localhost:3000',
        'accept-encoding': 'gzip, deflate, br',
        connection: 'keep-alive',
        'content-length': '85',
        cookie: 'refreshToken=eyJhbGciOiJIUzI1NiIsInR5cCI6IkpXVCJ9.eyJpZCI6IjE2IiwiaXNfYWN0aXZlIjpmYWxzZSwiaXNfY3JlYXRvciI6dHJ1ZSwiaWF0IjoxNzA5NzQ3MTU0LCJleHAiOjE3MDk3NDg5NTR9.OyMXZ-V9FNXIblL1I2Cr7sX68tU7oxZKwLNT0xpSP30'
      },
      method: 'POST',
      httpVersion: '1.1',
      originalUrl: '/api/admin/login/',
      query: {}
    },
    res: { statusCode: 400 },
    responseTime: 116
  },
  level: 'info',
  message: 'POST /api/admin/login/ 400 116ms',
  timestamp: '2024-03-07T03:29:41.157Z'
}
{
  meta: {
    req: {
      url: '/api/admin/login/',
      headers: {
        'content-type': 'application/json',
        'user-agent': 'PostmanRuntime/7.36.3',
        accept: '*/*',
        'postman-token': '23827872-6395-463e-93aa-5d8cc783fe16',
        host: 'localhost:3000',
        'accept-encoding': 'gzip, deflate, br',
        connection: 'keep-alive',
        'content-length': '85',
        cookie: 'refreshToken=eyJhbGciOiJIUzI1NiIsInR5cCI6IkpXVCJ9.eyJpZCI6IjE2IiwiaXNfYWN0aXZlIjpmYWxzZSwiaXNfY3JlYXRvciI6dHJ1ZSwiaWF0IjoxNzA5NzQ3MTU0LCJleHAiOjE3MDk3NDg5NTR9.OyMXZ-V9FNXIblL1I2Cr7sX68tU7oxZKwLNT0xpSP30'
      },
      method: 'POST',
      httpVersion: '1.1',
      originalUrl: '/api/admin/login/',
      query: {}
    },
    res: { statusCode: 400 },
    responseTime: 101
  },
  level: 'info',
  message: 'POST /api/admin/login/ 400 101ms',
  timestamp: '2024-03-07T03:30:55.211Z'
}
