{
  meta: {
    req: {
      url: '/api/admin/login/',
      headers: {
        'content-type': 'application/json',
        'user-agent': 'PostmanRuntime/7.36.3',
        accept: '*/*',
        'postman-token': '04c0c5fb-380c-4c4c-80b2-994541536a34',
        host: 'localhost:3000',
        'accept-encoding': 'gzip, deflate, br',
        connection: 'keep-alive',
        'content-length': '85',
        cookie: 'refreshToken=eyJhbGciOiJIUzI1NiIsInR5cCI6IkpXVCJ9.eyJpZCI6IjE2IiwiaXNfYWN0aXZlIjpmYWxzZSwiaXNfY3JlYXRvciI6dHJ1ZSwiaWF0IjoxNzA5NzQ3MTU0LCJleHAiOjE3MDk3NDg5NTR9.OyMXZ-V9FNXIblL1I2Cr7sX68tU7oxZKwLNT0xpSP30'
      },
      method: 'POST',
      httpVersion: '1.1',
      originalUrl: '/api/admin/login/',
      query: {}
    },
    res: { statusCode: 400 },
    responseTime: 108
  },
  level: 'info',
  message: 'POST /api/admin/login/ 400 108ms',
  timestamp: '2024-03-07T03:32:25.337Z'
}
{
  meta: {
    req: {
      url: '/api/admin/',
      headers: {
        'content-type': 'application/json',
        authorization: 'Bearer eyJhbGciOiJIUzI1NiIsInR5cCI6IkpXVCJ9.eyJpZCI6IjE0IiwiaXNfYWN0aXZlIjpmYWxzZSwiaWF0IjoxNzA5NzQ3MDA3LCJleHAiOjE3MDk3NDc5MDd9.baYPR33MWduPeOegx7pZYGld4EFfgLeqRsZg5QbjCm0',
        'user-agent': 'PostmanRuntime/7.36.3',
        accept: '*/*',
        'postman-token': 'ee7d766b-bb8c-449f-9f1b-e4cfeff8424a',
        host: 'localhost:3000',
        'accept-encoding': 'gzip, deflate, br',
        connection: 'keep-alive',
        'content-length': '244',
        cookie: 'refreshToken=eyJhbGciOiJIUzI1NiIsInR5cCI6IkpXVCJ9.eyJpZCI6IjE2IiwiaXNfYWN0aXZlIjpmYWxzZSwiaXNfY3JlYXRvciI6dHJ1ZSwiaWF0IjoxNzA5NzQ3MTU0LCJleHAiOjE3MDk3NDg5NTR9.OyMXZ-V9FNXIblL1I2Cr7sX68tU7oxZKwLNT0xpSP30'
      },
      method: 'POST',
      httpVersion: '1.1',
      originalUrl: '/api/admin/',
      query: {}
    },
    res: { statusCode: 403 },
    responseTime: 6
  },
  level: 'info',
  message: 'POST /api/admin/ 403 6ms',
  timestamp: '2024-03-07T03:32:30.949Z'
}
{
  meta: {
    req: {
      url: '/api/admin/login/',
      headers: {
        'content-type': 'application/json',
        'user-agent': 'PostmanRuntime/7.36.3',
        accept: '*/*',
        'postman-token': 'c086a03e-d5c9-45b5-9744-c9eb950bee4f',
        host: 'localhost:3000',
        'accept-encoding': 'gzip, deflate, br',
        connection: 'keep-alive',
        'content-length': '84',
        cookie: 'refreshToken=eyJhbGciOiJIUzI1NiIsInR5cCI6IkpXVCJ9.eyJpZCI6IjE2IiwiaXNfYWN0aXZlIjpmYWxzZSwiaXNfY3JlYXRvciI6dHJ1ZSwiaWF0IjoxNzA5NzQ3MTU0LCJleHAiOjE3MDk3NDg5NTR9.OyMXZ-V9FNXIblL1I2Cr7sX68tU7oxZKwLNT0xpSP30'
      },
      method: 'POST',
      httpVersion: '1.1',
      originalUrl: '/api/admin/login/',
      query: {}
    },
    res: { statusCode: 400 },
    responseTime: 68
  },
  level: 'info',
  message: 'POST /api/admin/login/ 400 68ms',
  timestamp: '2024-03-07T03:33:01.095Z'
}
{
  meta: {
    req: {
      url: '/api/admin/login/',
      headers: {
        'content-type': 'application/json',
        'user-agent': 'PostmanRuntime/7.36.3',
        accept: '*/*',
        'postman-token': '67dc9562-a28e-4e7e-8eb3-d323e412effa',
        host: 'localhost:3000',
        'accept-encoding': 'gzip, deflate, br',
        connection: 'keep-alive',
        'content-length': '70',
        cookie: 'refreshToken=eyJhbGciOiJIUzI1NiIsInR5cCI6IkpXVCJ9.eyJpZCI6IjE2IiwiaXNfYWN0aXZlIjpmYWxzZSwiaXNfY3JlYXRvciI6dHJ1ZSwiaWF0IjoxNzA5NzQ3MTU0LCJleHAiOjE3MDk3NDg5NTR9.OyMXZ-V9FNXIblL1I2Cr7sX68tU7oxZKwLNT0xpSP30'
      },
      method: 'POST',
      httpVersion: '1.1',
      originalUrl: '/api/admin/login/',
      query: {}
    },
    res: { statusCode: 500 },
    responseTime: 107
  },
  level: 'info',
  message: 'POST /api/admin/login/ 500 107ms',
  timestamp: '2024-03-07T03:34:23.025Z'
}
{
  meta: {
    req: {
      url: '/api/admin/',
      headers: {
        'content-type': 'application/json',
        authorization: 'Bearer eyJhbGciOiJIUzI1NiIsInR5cCI6IkpXVCJ9.eyJpZCI6IjE0IiwiaXNfYWN0aXZlIjpmYWxzZSwiaWF0IjoxNzA5NzQ3MDA3LCJleHAiOjE3MDk3NDc5MDd9.baYPR33MWduPeOegx7pZYGld4EFfgLeqRsZg5QbjCm0',
        'user-agent': 'PostmanRuntime/7.36.3',
        accept: '*/*',
        'postman-token': '36b95191-2060-4ddd-8550-f024651093a9',
        host: 'localhost:3000',
        'accept-encoding': 'gzip, deflate, br',
        connection: 'keep-alive',
        'content-length': '240',
        cookie: 'refreshToken=eyJhbGciOiJIUzI1NiIsInR5cCI6IkpXVCJ9.eyJpZCI6IjE2IiwiaXNfYWN0aXZlIjpmYWxzZSwiaXNfY3JlYXRvciI6dHJ1ZSwiaWF0IjoxNzA5NzQ3MTU0LCJleHAiOjE3MDk3NDg5NTR9.OyMXZ-V9FNXIblL1I2Cr7sX68tU7oxZKwLNT0xpSP30'
      },
      method: 'POST',
      httpVersion: '1.1',
      originalUrl: '/api/admin/',
      query: {}
    },
    res: { statusCode: 403 },
    responseTime: 7
  },
  level: 'info',
  message: 'POST /api/admin/ 403 7ms',
  timestamp: '2024-03-07T03:34:38.576Z'
}
{
  meta: {
    req: {
      url: '/api/admin/login/',
      headers: {
        'content-type': 'application/json',
        'user-agent': 'PostmanRuntime/7.36.3',
        accept: '*/*',
        'postman-token': 'bb0a07c4-cad4-42a9-9882-7ef90292e57f',
        host: 'localhost:3000',
        'accept-encoding': 'gzip, deflate, br',
        connection: 'keep-alive',
        'content-length': '71',
        cookie: 'refreshToken=eyJhbGciOiJIUzI1NiIsInR5cCI6IkpXVCJ9.eyJpZCI6IjE2IiwiaXNfYWN0aXZlIjpmYWxzZSwiaXNfY3JlYXRvciI6dHJ1ZSwiaWF0IjoxNzA5NzQ3MTU0LCJleHAiOjE3MDk3NDg5NTR9.OyMXZ-V9FNXIblL1I2Cr7sX68tU7oxZKwLNT0xpSP30'
      },
      method: 'POST',
      httpVersion: '1.1',
      originalUrl: '/api/admin/login/',
      query: {}
    },
    res: { statusCode: 500 },
    responseTime: 75
  },
  level: 'info',
  message: 'POST /api/admin/login/ 500 75ms',
  timestamp: '2024-03-07T03:37:33.600Z'
}
{
  meta: {
    req: {
      url: '/api/admin/login/',
      headers: {
        'content-type': 'application/json',
        'user-agent': 'PostmanRuntime/7.36.3',
        accept: '*/*',
        'postman-token': '176ad298-0324-4037-89ff-7b82a36fe8ab',
        host: 'localhost:3000',
        'accept-encoding': 'gzip, deflate, br',
        connection: 'keep-alive',
        'content-length': '72',
        cookie: 'refreshToken=eyJhbGciOiJIUzI1NiIsInR5cCI6IkpXVCJ9.eyJpZCI6IjE2IiwiaXNfYWN0aXZlIjpmYWxzZSwiaXNfY3JlYXRvciI6dHJ1ZSwiaWF0IjoxNzA5NzQ3MTU0LCJleHAiOjE3MDk3NDg5NTR9.OyMXZ-V9FNXIblL1I2Cr7sX68tU7oxZKwLNT0xpSP30'
      },
      method: 'POST',
      httpVersion: '1.1',
      originalUrl: '/api/admin/login/',
      query: {}
    },
    res: { statusCode: 500 },
    responseTime: 4
  },
  level: 'info',
  message: 'POST /api/admin/login/ 500 4ms',
  timestamp: '2024-03-07T03:37:39.769Z'
}
{
  meta: {
    req: {
      url: '/api/admin/login/',
      headers: {
        'content-type': 'application/json',
        'user-agent': 'PostmanRuntime/7.36.3',
        accept: '*/*',
        'postman-token': 'ba192945-da3a-4983-a0e0-15b3d7777c28',
        host: 'localhost:3000',
        'accept-encoding': 'gzip, deflate, br',
        connection: 'keep-alive',
        'content-length': '72',
        cookie: 'refreshToken=eyJhbGciOiJIUzI1NiIsInR5cCI6IkpXVCJ9.eyJpZCI6IjE2IiwiaXNfYWN0aXZlIjpmYWxzZSwiaXNfY3JlYXRvciI6dHJ1ZSwiaWF0IjoxNzA5NzQ3MTU0LCJleHAiOjE3MDk3NDg5NTR9.OyMXZ-V9FNXIblL1I2Cr7sX68tU7oxZKwLNT0xpSP30'
      },
      method: 'POST',
      httpVersion: '1.1',
      originalUrl: '/api/admin/login/',
      query: {}
    },
    res: { statusCode: 500 },
    responseTime: 210
  },
  level: 'info',
  message: 'POST /api/admin/login/ 500 210ms',
  timestamp: '2024-03-07T03:39:43.407Z'
}
{
  meta: {
    req: {
      url: '/api/admin/login/',
      headers: {
        'content-type': 'application/json',
        'user-agent': 'PostmanRuntime/7.36.3',
        accept: '*/*',
        'postman-token': '86178866-793f-4b02-a1f9-17d57f36d36d',
        host: 'localhost:3000',
        'accept-encoding': 'gzip, deflate, br',
        connection: 'keep-alive',
        'content-length': '72',
        cookie: 'refreshToken=eyJhbGciOiJIUzI1NiIsInR5cCI6IkpXVCJ9.eyJpZCI6IjE2IiwiaXNfYWN0aXZlIjpmYWxzZSwiaXNfY3JlYXRvciI6dHJ1ZSwiaWF0IjoxNzA5NzQ3MTU0LCJleHAiOjE3MDk3NDg5NTR9.OyMXZ-V9FNXIblL1I2Cr7sX68tU7oxZKwLNT0xpSP30'
      },
      method: 'POST',
      httpVersion: '1.1',
      originalUrl: '/api/admin/login/',
      query: {}
    },
    res: { statusCode: 500 },
    responseTime: 107
  },
  level: 'info',
  message: 'POST /api/admin/login/ 500 107ms',
  timestamp: '2024-03-07T03:41:42.301Z'
}
{
  meta: {
    req: {
      url: '/api/admin/login/',
      headers: {
        'content-type': 'application/json',
        'user-agent': 'PostmanRuntime/7.36.3',
        accept: '*/*',
        'postman-token': '862e42c8-618f-419a-ae66-bd6c754a5bab',
        host: 'localhost:3000',
        'accept-encoding': 'gzip, deflate, br',
        connection: 'keep-alive',
        'content-length': '72',
        cookie: 'refreshToken=eyJhbGciOiJIUzI1NiIsInR5cCI6IkpXVCJ9.eyJpZCI6IjE2IiwiaXNfYWN0aXZlIjpmYWxzZSwiaXNfY3JlYXRvciI6dHJ1ZSwiaWF0IjoxNzA5NzQ3MTU0LCJleHAiOjE3MDk3NDg5NTR9.OyMXZ-V9FNXIblL1I2Cr7sX68tU7oxZKwLNT0xpSP30'
      },
      method: 'POST',
      httpVersion: '1.1',
      originalUrl: '/api/admin/login/',
      query: {}
    },
    res: { statusCode: 500 },
    responseTime: 101
  },
  level: 'info',
  message: 'POST /api/admin/login/ 500 101ms',
  timestamp: '2024-03-07T03:42:41.510Z'
}
{
  meta: {
    req: {
      url: '/api/admin/login/',
      headers: {
        'content-type': 'application/json',
        'user-agent': 'PostmanRuntime/7.36.3',
        accept: '*/*',
        'postman-token': 'aeb14d00-9d26-4c90-911f-871f10c98409',
        host: 'localhost:3000',
        'accept-encoding': 'gzip, deflate, br',
        connection: 'keep-alive',
        'content-length': '72',
        cookie: 'refreshToken=eyJhbGciOiJIUzI1NiIsInR5cCI6IkpXVCJ9.eyJpZCI6IjE2IiwiaXNfYWN0aXZlIjpmYWxzZSwiaXNfY3JlYXRvciI6dHJ1ZSwiaWF0IjoxNzA5NzQ3MTU0LCJleHAiOjE3MDk3NDg5NTR9.OyMXZ-V9FNXIblL1I2Cr7sX68tU7oxZKwLNT0xpSP30'
      },
      method: 'POST',
      httpVersion: '1.1',
      originalUrl: '/api/admin/login/',
      query: {}
    },
    res: { statusCode: 500 },
    responseTime: 100
  },
  level: 'info',
  message: 'POST /api/admin/login/ 500 100ms',
  timestamp: '2024-03-07T03:47:47.051Z'
}
{
  meta: {
    req: {
      url: '/api/admin/login',
      headers: {
        'content-type': 'application/json',
        'user-agent': 'PostmanRuntime/7.36.3',
        accept: '*/*',
        'postman-token': 'b2f508ec-5525-4ad6-8d19-13f25bd362e6',
        host: 'localhost:3000',
        'accept-encoding': 'gzip, deflate, br',
        connection: 'keep-alive',
        'content-length': '72',
        cookie: 'refreshToken=eyJhbGciOiJIUzI1NiIsInR5cCI6IkpXVCJ9.eyJpZCI6IjE2IiwiaXNfYWN0aXZlIjpmYWxzZSwiaXNfY3JlYXRvciI6dHJ1ZSwiaWF0IjoxNzA5NzQ3MTU0LCJleHAiOjE3MDk3NDg5NTR9.OyMXZ-V9FNXIblL1I2Cr7sX68tU7oxZKwLNT0xpSP30'
      },
      method: 'POST',
      httpVersion: '1.1',
      originalUrl: '/api/admin/login',
      query: {}
    },
    res: { statusCode: 500 },
    responseTime: 74
  },
  level: 'info',
  message: 'POST /api/admin/login 500 74ms',
  timestamp: '2024-03-07T03:48:03.612Z'
}
{
  meta: {
    req: {
      url: '/api/admin/',
      headers: {
        'content-type': 'application/json',
        authorization: 'Bearer eyJhbGciOiJIUzI1NiIsInR5cCI6IkpXVCJ9.eyJpZCI6IjE0IiwiaXNfYWN0aXZlIjpmYWxzZSwiaWF0IjoxNzA5NzQ3MDA3LCJleHAiOjE3MDk3NDc5MDd9.baYPR33MWduPeOegx7pZYGld4EFfgLeqRsZg5QbjCm0',
        'user-agent': 'PostmanRuntime/7.36.3',
        accept: '*/*',
        'postman-token': '5fcdb79c-2ad1-459e-a2c5-06f0833d71c3',
        host: 'localhost:3000',
        'accept-encoding': 'gzip, deflate, br',
        connection: 'keep-alive',
        'content-length': '240',
        cookie: 'refreshToken=eyJhbGciOiJIUzI1NiIsInR5cCI6IkpXVCJ9.eyJpZCI6IjE2IiwiaXNfYWN0aXZlIjpmYWxzZSwiaXNfY3JlYXRvciI6dHJ1ZSwiaWF0IjoxNzA5NzQ3MTU0LCJleHAiOjE3MDk3NDg5NTR9.OyMXZ-V9FNXIblL1I2Cr7sX68tU7oxZKwLNT0xpSP30'
      },
      method: 'POST',
      httpVersion: '1.1',
      originalUrl: '/api/admin/',
      query: {}
    },
    res: { statusCode: 403 },
    responseTime: 5
  },
  level: 'info',
  message: 'POST /api/admin/ 403 5ms',
  timestamp: '2024-03-07T03:48:11.178Z'
}
{
  meta: {
    req: {
      url: '/api/application',
      headers: {
        'content-type': 'application/json',
        'user-agent': 'PostmanRuntime/7.36.3',
        accept: '*/*',
        'postman-token': '982b6bbe-3a36-4019-922d-5db826dd7578',
        host: 'localhost:3000',
        'accept-encoding': 'gzip, deflate, br',
        connection: 'keep-alive',
        'content-length': '90',
        cookie: 'refreshToken=eyJhbGciOiJIUzI1NiIsInR5cCI6IkpXVCJ9.eyJpZCI6IjIxIiwiaXNfYWN0aXZlIjpmYWxzZSwiaWF0IjoxNzA5Nzg1MzI0LCJleHAiOjE3MDk3ODcxMjR9.jZrEnvLXYjGwxp3cjTDsO2hp4R_6AMkRzJLMTrPSV7s'
      },
      method: 'POST',
      httpVersion: '1.1',
      originalUrl: '/api/application',
      query: {}
    },
    res: { statusCode: 400 },
    responseTime: 13
  },
  level: 'info',
  message: 'POST /api/application 400 13ms',
  timestamp: '2024-03-07T05:36:46.789Z'
}
{
  meta: {
    req: {
      url: '/api/application/1',
      headers: {
        'user-agent': 'PostmanRuntime/7.36.3',
        accept: '*/*',
        'postman-token': 'a3e70b40-0127-4389-9243-75aa2c11b39f',
        host: 'localhost:3000',
        'accept-encoding': 'gzip, deflate, br',
        connection: 'keep-alive',
        cookie: 'refreshToken=eyJhbGciOiJIUzI1NiIsInR5cCI6IkpXVCJ9.eyJpZCI6IjIxIiwiaXNfYWN0aXZlIjpmYWxzZSwiaWF0IjoxNzA5Nzg1MzI0LCJleHAiOjE3MDk3ODcxMjR9.jZrEnvLXYjGwxp3cjTDsO2hp4R_6AMkRzJLMTrPSV7s'
      },
      method: 'GET',
      httpVersion: '1.1',
      originalUrl: '/api/application/1',
      query: {}
    },
    res: { statusCode: 200 },
    responseTime: 101
  },
  level: 'info',
  message: 'GET /api/application/1 200 101ms',
  timestamp: '2024-03-07T05:36:54.726Z'
}
{
  meta: {
    req: {
      url: '/api/application',
      headers: {
        'content-type': 'application/json',
        'user-agent': 'PostmanRuntime/7.36.3',
        accept: '*/*',
        'postman-token': '2104e8c3-44ac-4e36-98b3-37f471b4ddd5',
        host: 'localhost:3000',
        'accept-encoding': 'gzip, deflate, br',
        connection: 'keep-alive',
        'content-length': '88',
        cookie: 'refreshToken=eyJhbGciOiJIUzI1NiIsInR5cCI6IkpXVCJ9.eyJpZCI6IjIxIiwiaXNfYWN0aXZlIjpmYWxzZSwiaWF0IjoxNzA5Nzg1MzI0LCJleHAiOjE3MDk3ODcxMjR9.jZrEnvLXYjGwxp3cjTDsO2hp4R_6AMkRzJLMTrPSV7s'
      },
      method: 'POST',
      httpVersion: '1.1',
      originalUrl: '/api/application',
      query: {}
    },
    res: { statusCode: 400 },
    responseTime: 10
  },
  level: 'info',
  message: 'POST /api/application 400 10ms',
  timestamp: '2024-03-07T05:37:28.710Z'
}
{
  meta: {
    req: {
      url: '/api/country/',
      headers: {
        'content-type': 'application/json',
        'user-agent': 'PostmanRuntime/7.36.3',
        accept: '*/*',
        'postman-token': '728bacce-6781-4d92-ad73-1b66b9b5678f',
        host: 'localhost:3000',
        'accept-encoding': 'gzip, deflate, br',
        connection: 'keep-alive',
        'content-length': '45',
        cookie: 'refreshToken=eyJhbGciOiJIUzI1NiIsInR5cCI6IkpXVCJ9.eyJpZCI6IjIxIiwiaXNfYWN0aXZlIjpmYWxzZSwiaWF0IjoxNzA5Nzg1MzI0LCJleHAiOjE3MDk3ODcxMjR9.jZrEnvLXYjGwxp3cjTDsO2hp4R_6AMkRzJLMTrPSV7s'
      },
      method: 'POST',
      httpVersion: '1.1',
      originalUrl: '/api/country/',
      query: {}
    },
    res: { statusCode: 500 },
    responseTime: 133
  },
  level: 'info',
  message: 'POST /api/country/ 500 133ms',
  timestamp: '2024-03-07T05:45:17.214Z'
}
{
  meta: {
    req: {
      url: '/api/country/',
      headers: {
        'content-type': 'application/json',
        'user-agent': 'PostmanRuntime/7.36.3',
        accept: '*/*',
        'postman-token': '12689b13-f616-49a4-9bc5-b62037d2f659',
        host: 'localhost:3000',
        'accept-encoding': 'gzip, deflate, br',
        connection: 'keep-alive',
        'content-length': '45',
        cookie: 'refreshToken=eyJhbGciOiJIUzI1NiIsInR5cCI6IkpXVCJ9.eyJpZCI6IjIxIiwiaXNfYWN0aXZlIjpmYWxzZSwiaWF0IjoxNzA5Nzg1MzI0LCJleHAiOjE3MDk3ODcxMjR9.jZrEnvLXYjGwxp3cjTDsO2hp4R_6AMkRzJLMTrPSV7s'
      },
      method: 'POST',
      httpVersion: '1.1',
      originalUrl: '/api/country/',
      query: {}
    },
    res: { statusCode: 500 },
    responseTime: 107
  },
  level: 'info',
  message: 'POST /api/country/ 500 107ms',
  timestamp: '2024-03-07T05:46:34.380Z'
}
{
  meta: {
    req: {
      url: '/api/country/',
      headers: {
        'content-type': 'application/json',
        'user-agent': 'PostmanRuntime/7.36.3',
        accept: '*/*',
        'postman-token': '0b61a4cf-a8b2-4194-88af-80c792986074',
        host: 'localhost:3000',
        'accept-encoding': 'gzip, deflate, br',
        connection: 'keep-alive',
        'content-length': '45',
        cookie: 'refreshToken=eyJhbGciOiJIUzI1NiIsInR5cCI6IkpXVCJ9.eyJpZCI6IjIxIiwiaXNfYWN0aXZlIjpmYWxzZSwiaWF0IjoxNzA5Nzg1MzI0LCJleHAiOjE3MDk3ODcxMjR9.jZrEnvLXYjGwxp3cjTDsO2hp4R_6AMkRzJLMTrPSV7s'
      },
      method: 'POST',
      httpVersion: '1.1',
      originalUrl: '/api/country/',
      query: {}
    },
    res: { statusCode: 500 },
    responseTime: 116
  },
  level: 'info',
  message: 'POST /api/country/ 500 116ms',
  timestamp: '2024-03-07T05:47:43.242Z'
}
{
  meta: {
    req: {
      url: '/api/country/',
      headers: {
        'content-type': 'application/json',
        'user-agent': 'PostmanRuntime/7.36.3',
        accept: '*/*',
        'postman-token': '3c4debc6-2ef3-47f3-adee-64f977421641',
        host: 'localhost:3000',
        'accept-encoding': 'gzip, deflate, br',
        connection: 'keep-alive',
        'content-length': '45',
        cookie: 'refreshToken=eyJhbGciOiJIUzI1NiIsInR5cCI6IkpXVCJ9.eyJpZCI6IjIxIiwiaXNfYWN0aXZlIjpmYWxzZSwiaWF0IjoxNzA5Nzg1MzI0LCJleHAiOjE3MDk3ODcxMjR9.jZrEnvLXYjGwxp3cjTDsO2hp4R_6AMkRzJLMTrPSV7s'
      },
      method: 'POST',
      httpVersion: '1.1',
      originalUrl: '/api/country/',
      query: {}
    },
    res: { statusCode: 200 },
    responseTime: 114
  },
  level: 'info',
  message: 'POST /api/country/ 200 114ms',
  timestamp: '2024-03-07T05:48:39.403Z'
}
{
  meta: {
    req: {
      url: '/api/country/',
      headers: {
        'content-type': 'application/json',
        'user-agent': 'PostmanRuntime/7.36.3',
        accept: '*/*',
        'postman-token': '81252202-8dd4-4944-b750-db01812b7890',
        host: 'localhost:3000',
        'accept-encoding': 'gzip, deflate, br',
        connection: 'keep-alive',
        'content-length': '40',
        cookie: 'refreshToken=eyJhbGciOiJIUzI1NiIsInR5cCI6IkpXVCJ9.eyJpZCI6IjIxIiwiaXNfYWN0aXZlIjpmYWxzZSwiaWF0IjoxNzA5Nzg1MzI0LCJleHAiOjE3MDk3ODcxMjR9.jZrEnvLXYjGwxp3cjTDsO2hp4R_6AMkRzJLMTrPSV7s'
      },
      method: 'POST',
      httpVersion: '1.1',
      originalUrl: '/api/country/',
      query: {}
    },
    res: { statusCode: 400 },
    responseTime: 4
  },
  level: 'info',
  message: 'POST /api/country/ 400 4ms',
  timestamp: '2024-03-07T05:49:46.731Z'
}
{
  meta: {
    req: {
      url: '/api/country/',
      headers: {
        'content-type': 'application/json',
        'user-agent': 'PostmanRuntime/7.36.3',
        accept: '*/*',
        'postman-token': '5d1a72fe-17c5-4b71-8d7b-7a6ecbb3385a',
        host: 'localhost:3000',
        'accept-encoding': 'gzip, deflate, br',
        connection: 'keep-alive',
        'content-length': '45',
        cookie: 'refreshToken=eyJhbGciOiJIUzI1NiIsInR5cCI6IkpXVCJ9.eyJpZCI6IjIxIiwiaXNfYWN0aXZlIjpmYWxzZSwiaWF0IjoxNzA5Nzg1MzI0LCJleHAiOjE3MDk3ODcxMjR9.jZrEnvLXYjGwxp3cjTDsO2hp4R_6AMkRzJLMTrPSV7s'
      },
      method: 'POST',
      httpVersion: '1.1',
      originalUrl: '/api/country/',
      query: {}
    },
    res: { statusCode: 500 },
    responseTime: 104
  },
  level: 'info',
  message: 'POST /api/country/ 500 104ms',
  timestamp: '2024-03-07T05:52:51.679Z'
}
{
  meta: {
    req: {
      url: '/api/country/',
      headers: {
        'content-type': 'application/json',
        'user-agent': 'PostmanRuntime/7.36.3',
        accept: '*/*',
        'postman-token': 'ae564995-46cb-4d0a-9d88-6667572c9bf7',
        host: 'localhost:3000',
        'accept-encoding': 'gzip, deflate, br',
        connection: 'keep-alive',
        'content-length': '45',
        cookie: 'refreshToken=eyJhbGciOiJIUzI1NiIsInR5cCI6IkpXVCJ9.eyJpZCI6IjIxIiwiaXNfYWN0aXZlIjpmYWxzZSwiaWF0IjoxNzA5Nzg1MzI0LCJleHAiOjE3MDk3ODcxMjR9.jZrEnvLXYjGwxp3cjTDsO2hp4R_6AMkRzJLMTrPSV7s'
      },
      method: 'POST',
      httpVersion: '1.1',
      originalUrl: '/api/country/',
      query: {}
    },
    res: { statusCode: 500 },
    responseTime: 125
  },
  level: 'info',
  message: 'POST /api/country/ 500 125ms',
  timestamp: '2024-03-07T06:01:08.740Z'
}
{
  meta: {
    req: {
      url: '/api/country/',
      headers: {
        'content-type': 'application/json',
        'user-agent': 'PostmanRuntime/7.36.3',
        accept: '*/*',
        'postman-token': '8f1e6b5d-93b5-436b-9c61-a1ae7df7617a',
        host: 'localhost:3000',
        'accept-encoding': 'gzip, deflate, br',
        connection: 'keep-alive',
        'content-length': '45',
        cookie: 'refreshToken=eyJhbGciOiJIUzI1NiIsInR5cCI6IkpXVCJ9.eyJpZCI6IjIxIiwiaXNfYWN0aXZlIjpmYWxzZSwiaWF0IjoxNzA5Nzg1MzI0LCJleHAiOjE3MDk3ODcxMjR9.jZrEnvLXYjGwxp3cjTDsO2hp4R_6AMkRzJLMTrPSV7s'
      },
      method: 'POST',
      httpVersion: '1.1',
      originalUrl: '/api/country/',
      query: {}
    },
    res: { statusCode: 500 },
    responseTime: 92
  },
  level: 'info',
  message: 'POST /api/country/ 500 92ms',
  timestamp: '2024-03-07T06:04:29.283Z'
}
{
  meta: {
    req: {
      url: '/api/country/',
      headers: {
        'content-type': 'application/json',
        'user-agent': 'PostmanRuntime/7.36.3',
        accept: '*/*',
        'postman-token': '2679d8f9-3afd-4788-8e27-00403200fe8e',
        host: 'localhost:3000',
        'accept-encoding': 'gzip, deflate, br',
        connection: 'keep-alive',
        'content-length': '45',
        cookie: 'refreshToken=eyJhbGciOiJIUzI1NiIsInR5cCI6IkpXVCJ9.eyJpZCI6IjIxIiwiaXNfYWN0aXZlIjpmYWxzZSwiaWF0IjoxNzA5Nzg1MzI0LCJleHAiOjE3MDk3ODcxMjR9.jZrEnvLXYjGwxp3cjTDsO2hp4R_6AMkRzJLMTrPSV7s'
      },
      method: 'POST',
      httpVersion: '1.1',
      originalUrl: '/api/country/',
      query: {}
    },
    res: { statusCode: 500 },
    responseTime: 75
  },
  level: 'info',
  message: 'POST /api/country/ 500 75ms',
  timestamp: '2024-03-07T06:04:31.160Z'
}
{
  meta: {
    req: {
      url: '/api/country/',
      headers: {
        'content-type': 'application/json',
        'user-agent': 'PostmanRuntime/7.36.3',
        accept: '*/*',
        'postman-token': 'b4a22368-6e39-40ef-bc1c-527f813bc986',
        host: 'localhost:3000',
        'accept-encoding': 'gzip, deflate, br',
        connection: 'keep-alive',
        'content-length': '45',
        cookie: 'refreshToken=eyJhbGciOiJIUzI1NiIsInR5cCI6IkpXVCJ9.eyJpZCI6IjIxIiwiaXNfYWN0aXZlIjpmYWxzZSwiaWF0IjoxNzA5Nzg1MzI0LCJleHAiOjE3MDk3ODcxMjR9.jZrEnvLXYjGwxp3cjTDsO2hp4R_6AMkRzJLMTrPSV7s'
      },
      method: 'POST',
      httpVersion: '1.1',
      originalUrl: '/api/country/',
      query: {}
    },
    res: { statusCode: 500 },
    responseTime: 219
  },
  level: 'info',
  message: 'POST /api/country/ 500 219ms',
  timestamp: '2024-03-07T06:05:29.642Z'
}
{
  meta: {
    req: {
      url: '/api/country/',
      headers: {
        'content-type': 'application/json',
        'user-agent': 'PostmanRuntime/7.36.3',
        accept: '*/*',
        'postman-token': 'c6bedf36-5201-424b-b656-566ca8ecfa84',
        host: 'localhost:3000',
        'accept-encoding': 'gzip, deflate, br',
        connection: 'keep-alive',
        'content-length': '45',
        cookie: 'refreshToken=eyJhbGciOiJIUzI1NiIsInR5cCI6IkpXVCJ9.eyJpZCI6IjIxIiwiaXNfYWN0aXZlIjpmYWxzZSwiaWF0IjoxNzA5Nzg1MzI0LCJleHAiOjE3MDk3ODcxMjR9.jZrEnvLXYjGwxp3cjTDsO2hp4R_6AMkRzJLMTrPSV7s'
      },
      method: 'POST',
      httpVersion: '1.1',
      originalUrl: '/api/country/',
      query: {}
    },
    res: { statusCode: 500 },
    responseTime: 112
  },
  level: 'info',
  message: 'POST /api/country/ 500 112ms',
  timestamp: '2024-03-07T06:06:05.363Z'
}
{
  meta: {
    req: {
      url: '/api/country/',
      headers: {
        'content-type': 'application/json',
        'user-agent': 'PostmanRuntime/7.36.3',
        accept: '*/*',
        'postman-token': '66637dba-742f-4dc5-abb5-c3633c346932',
        host: 'localhost:3000',
        'accept-encoding': 'gzip, deflate, br',
        connection: 'keep-alive',
        'content-length': '45',
        cookie: 'refreshToken=eyJhbGciOiJIUzI1NiIsInR5cCI6IkpXVCJ9.eyJpZCI6IjIxIiwiaXNfYWN0aXZlIjpmYWxzZSwiaWF0IjoxNzA5Nzg1MzI0LCJleHAiOjE3MDk3ODcxMjR9.jZrEnvLXYjGwxp3cjTDsO2hp4R_6AMkRzJLMTrPSV7s'
      },
      method: 'POST',
      httpVersion: '1.1',
      originalUrl: '/api/country/',
      query: {}
    },
    res: { statusCode: 500 },
    responseTime: 104
  },
  level: 'info',
  message: 'POST /api/country/ 500 104ms',
  timestamp: '2024-03-07T06:07:12.415Z'
}
{
  meta: {
    req: {
      url: '/api/country/',
      headers: {
        'content-type': 'application/json',
        'user-agent': 'PostmanRuntime/7.36.3',
        accept: '*/*',
        'postman-token': '2f13800a-e612-4656-a326-fbdf3f8fe547',
        host: 'localhost:3000',
        'accept-encoding': 'gzip, deflate, br',
        connection: 'keep-alive',
        'content-length': '45',
        cookie: 'refreshToken=eyJhbGciOiJIUzI1NiIsInR5cCI6IkpXVCJ9.eyJpZCI6IjIxIiwiaXNfYWN0aXZlIjpmYWxzZSwiaWF0IjoxNzA5Nzg1MzI0LCJleHAiOjE3MDk3ODcxMjR9.jZrEnvLXYjGwxp3cjTDsO2hp4R_6AMkRzJLMTrPSV7s'
      },
      method: 'POST',
      httpVersion: '1.1',
      originalUrl: '/api/country/',
      query: {}
    },
    res: { statusCode: 500 },
    responseTime: 112
  },
  level: 'info',
  message: 'POST /api/country/ 500 112ms',
  timestamp: '2024-03-07T06:11:23.485Z'
}
{
  meta: {
    req: {
      url: '/api/country/',
      headers: {
        'content-type': 'application/json',
        'user-agent': 'PostmanRuntime/7.36.3',
        accept: '*/*',
        'postman-token': '4c0831d4-5267-442c-9aed-1e249113ad47',
        host: 'localhost:3000',
        'accept-encoding': 'gzip, deflate, br',
        connection: 'keep-alive',
        'content-length': '45',
        cookie: 'refreshToken=eyJhbGciOiJIUzI1NiIsInR5cCI6IkpXVCJ9.eyJpZCI6IjIxIiwiaXNfYWN0aXZlIjpmYWxzZSwiaWF0IjoxNzA5Nzg1MzI0LCJleHAiOjE3MDk3ODcxMjR9.jZrEnvLXYjGwxp3cjTDsO2hp4R_6AMkRzJLMTrPSV7s'
      },
      method: 'POST',
      httpVersion: '1.1',
      originalUrl: '/api/country/',
      query: {}
    },
    res: { statusCode: 500 },
    responseTime: 113
  },
  level: 'info',
  message: 'POST /api/country/ 500 113ms',
  timestamp: '2024-03-07T06:12:40.407Z'
}
{
  meta: {
    req: {
      url: '/api/country/',
      headers: {
        'content-type': 'application/json',
        'user-agent': 'PostmanRuntime/7.36.3',
        accept: '*/*',
        'postman-token': 'ab5b0f06-bfef-46ed-9886-273336e61601',
        host: 'localhost:3000',
        'accept-encoding': 'gzip, deflate, br',
        connection: 'keep-alive',
        'content-length': '45',
        cookie: 'refreshToken=eyJhbGciOiJIUzI1NiIsInR5cCI6IkpXVCJ9.eyJpZCI6IjIxIiwiaXNfYWN0aXZlIjpmYWxzZSwiaWF0IjoxNzA5Nzg1MzI0LCJleHAiOjE3MDk3ODcxMjR9.jZrEnvLXYjGwxp3cjTDsO2hp4R_6AMkRzJLMTrPSV7s'
      },
      method: 'POST',
      httpVersion: '1.1',
      originalUrl: '/api/country/',
      query: {}
    },
    res: { statusCode: 500 },
    responseTime: 222
  },
  level: 'info',
  message: 'POST /api/country/ 500 222ms',
  timestamp: '2024-03-07T06:12:58.046Z'
}
{
  meta: {
    req: {
      url: '/api/country/',
      headers: {
        'content-type': 'application/json',
        'user-agent': 'PostmanRuntime/7.36.3',
        accept: '*/*',
        'postman-token': '7c61ac67-f9e7-459c-8db0-c791e3dea06d',
        host: 'localhost:3000',
        'accept-encoding': 'gzip, deflate, br',
        connection: 'keep-alive',
        'content-length': '45',
        cookie: 'refreshToken=eyJhbGciOiJIUzI1NiIsInR5cCI6IkpXVCJ9.eyJpZCI6IjIxIiwiaXNfYWN0aXZlIjpmYWxzZSwiaWF0IjoxNzA5Nzg1MzI0LCJleHAiOjE3MDk3ODcxMjR9.jZrEnvLXYjGwxp3cjTDsO2hp4R_6AMkRzJLMTrPSV7s'
      },
      method: 'POST',
      httpVersion: '1.1',
      originalUrl: '/api/country/',
      query: {}
    },
    res: { statusCode: 200 },
    responseTime: 131
  },
  level: 'info',
  message: 'POST /api/country/ 200 131ms',
  timestamp: '2024-03-07T06:13:26.432Z'
}
{
  meta: {
    req: {
      url: '/api/country/',
      headers: {
        'content-type': 'application/json',
        'user-agent': 'PostmanRuntime/7.36.3',
        accept: '*/*',
        'postman-token': '4b2cf1b7-83a4-40dd-814d-b11a1ee99551',
        host: 'localhost:3000',
        'accept-encoding': 'gzip, deflate, br',
        connection: 'keep-alive',
        'content-length': '45',
        cookie: 'refreshToken=eyJhbGciOiJIUzI1NiIsInR5cCI6IkpXVCJ9.eyJpZCI6IjIxIiwiaXNfYWN0aXZlIjpmYWxzZSwiaWF0IjoxNzA5Nzg1MzI0LCJleHAiOjE3MDk3ODcxMjR9.jZrEnvLXYjGwxp3cjTDsO2hp4R_6AMkRzJLMTrPSV7s'
      },
      method: 'POST',
      httpVersion: '1.1',
      originalUrl: '/api/country/',
      query: {}
    },
    res: { statusCode: 200 },
    responseTime: 16
  },
  level: 'info',
  message: 'POST /api/country/ 200 16ms',
  timestamp: '2024-03-07T06:13:29.413Z'
}
{
  meta: {
    req: {
      url: '/api/country/',
      headers: {
        'content-type': 'application/json',
        'user-agent': 'PostmanRuntime/7.36.3',
        accept: '*/*',
        'postman-token': 'a722503b-f0ec-4d11-977c-c36f67376565',
        host: 'localhost:3000',
        'accept-encoding': 'gzip, deflate, br',
        connection: 'keep-alive',
        'content-length': '45',
        cookie: 'refreshToken=eyJhbGciOiJIUzI1NiIsInR5cCI6IkpXVCJ9.eyJpZCI6IjIxIiwiaXNfYWN0aXZlIjpmYWxzZSwiaWF0IjoxNzA5Nzg1MzI0LCJleHAiOjE3MDk3ODcxMjR9.jZrEnvLXYjGwxp3cjTDsO2hp4R_6AMkRzJLMTrPSV7s'
      },
      method: 'POST',
      httpVersion: '1.1',
      originalUrl: '/api/country/',
      query: {}
    },
    res: { statusCode: 200 },
    responseTime: 35
  },
  level: 'info',
  message: 'POST /api/country/ 200 35ms',
  timestamp: '2024-03-07T06:13:30.757Z'
}
{
  meta: {
    req: {
      url: '/api/country/',
      headers: {
        'content-type': 'application/json',
        'user-agent': 'PostmanRuntime/7.36.3',
        accept: '*/*',
        'postman-token': '29b21e50-8eb3-4a24-9bb9-e6a1aef34fad',
        host: 'localhost:3000',
        'accept-encoding': 'gzip, deflate, br',
        connection: 'keep-alive',
        'content-length': '45',
        cookie: 'refreshToken=eyJhbGciOiJIUzI1NiIsInR5cCI6IkpXVCJ9.eyJpZCI6IjIxIiwiaXNfYWN0aXZlIjpmYWxzZSwiaWF0IjoxNzA5Nzg1MzI0LCJleHAiOjE3MDk3ODcxMjR9.jZrEnvLXYjGwxp3cjTDsO2hp4R_6AMkRzJLMTrPSV7s'
      },
      method: 'POST',
      httpVersion: '1.1',
      originalUrl: '/api/country/',
      query: {}
    },
    res: { statusCode: 200 },
    responseTime: 35
  },
  level: 'info',
  message: 'POST /api/country/ 200 35ms',
  timestamp: '2024-03-07T06:13:32.368Z'
}
{
  meta: {
    req: {
      url: '/api/country/',
      headers: {
        'content-type': 'application/json',
        'user-agent': 'PostmanRuntime/7.36.3',
        accept: '*/*',
        'postman-token': 'f08c6d14-82c4-42ac-a3a1-cf9392930e5f',
        host: 'localhost:3000',
        'accept-encoding': 'gzip, deflate, br',
        connection: 'keep-alive',
        'content-length': '45',
        cookie: 'refreshToken=eyJhbGciOiJIUzI1NiIsInR5cCI6IkpXVCJ9.eyJpZCI6IjIxIiwiaXNfYWN0aXZlIjpmYWxzZSwiaWF0IjoxNzA5Nzg1MzI0LCJleHAiOjE3MDk3ODcxMjR9.jZrEnvLXYjGwxp3cjTDsO2hp4R_6AMkRzJLMTrPSV7s'
      },
      method: 'POST',
      httpVersion: '1.1',
      originalUrl: '/api/country/',
      query: {}
    },
    res: { statusCode: 200 },
    responseTime: 19
  },
  level: 'info',
  message: 'POST /api/country/ 200 19ms',
  timestamp: '2024-03-07T06:13:33.748Z'
}
{
  meta: {
    req: {
      url: '/api/country/',
      headers: {
        'content-type': 'application/json',
        'user-agent': 'PostmanRuntime/7.36.3',
        accept: '*/*',
        'postman-token': '911949a9-f37d-4ace-83ac-64a0ccc1a413',
        host: 'localhost:3000',
        'accept-encoding': 'gzip, deflate, br',
        connection: 'keep-alive',
        'content-length': '45',
        cookie: 'refreshToken=eyJhbGciOiJIUzI1NiIsInR5cCI6IkpXVCJ9.eyJpZCI6IjIxIiwiaXNfYWN0aXZlIjpmYWxzZSwiaWF0IjoxNzA5Nzg1MzI0LCJleHAiOjE3MDk3ODcxMjR9.jZrEnvLXYjGwxp3cjTDsO2hp4R_6AMkRzJLMTrPSV7s'
      },
      method: 'POST',
      httpVersion: '1.1',
      originalUrl: '/api/country/',
      query: {}
    },
    res: { statusCode: 200 },
    responseTime: 41
  },
  level: 'info',
  message: 'POST /api/country/ 200 41ms',
  timestamp: '2024-03-07T06:13:35.350Z'
}
{
  meta: {
    req: {
      url: '/api/country/',
      headers: {
        'content-type': 'application/json',
        'user-agent': 'PostmanRuntime/7.36.3',
        accept: '*/*',
        'postman-token': 'e877f2ab-5e43-494a-bc2a-685566be6285',
        host: 'localhost:3000',
        'accept-encoding': 'gzip, deflate, br',
        connection: 'keep-alive',
        'content-length': '45',
        cookie: 'refreshToken=eyJhbGciOiJIUzI1NiIsInR5cCI6IkpXVCJ9.eyJpZCI6IjIxIiwiaXNfYWN0aXZlIjpmYWxzZSwiaWF0IjoxNzA5Nzg1MzI0LCJleHAiOjE3MDk3ODcxMjR9.jZrEnvLXYjGwxp3cjTDsO2hp4R_6AMkRzJLMTrPSV7s'
      },
      method: 'POST',
      httpVersion: '1.1',
      originalUrl: '/api/country/',
      query: {}
    },
    res: { statusCode: 200 },
    responseTime: 17
  },
  level: 'info',
  message: 'POST /api/country/ 200 17ms',
  timestamp: '2024-03-07T06:13:36.555Z'
}
{
  meta: {
    req: {
      url: '/api/country/',
      headers: {
        'content-type': 'application/json',
        'user-agent': 'PostmanRuntime/7.36.3',
        accept: '*/*',
        'postman-token': '7c77e5f2-9c7f-4af9-8756-2d0afde2ca72',
        host: 'localhost:3000',
        'accept-encoding': 'gzip, deflate, br',
        connection: 'keep-alive',
        'content-length': '45',
        cookie: 'refreshToken=eyJhbGciOiJIUzI1NiIsInR5cCI6IkpXVCJ9.eyJpZCI6IjIxIiwiaXNfYWN0aXZlIjpmYWxzZSwiaWF0IjoxNzA5Nzg1MzI0LCJleHAiOjE3MDk3ODcxMjR9.jZrEnvLXYjGwxp3cjTDsO2hp4R_6AMkRzJLMTrPSV7s'
      },
      method: 'POST',
      httpVersion: '1.1',
      originalUrl: '/api/country/',
      query: {}
    },
    res: { statusCode: 200 },
    responseTime: 21
  },
  level: 'info',
  message: 'POST /api/country/ 200 21ms',
  timestamp: '2024-03-07T06:13:37.931Z'
}
{
  meta: {
    req: {
      url: '/api/country/',
      headers: {
        'content-type': 'application/json',
        'user-agent': 'PostmanRuntime/7.36.3',
        accept: '*/*',
        'postman-token': 'a8cdd3d0-6843-4ba5-a23e-45fd70dd92b2',
        host: 'localhost:3000',
        'accept-encoding': 'gzip, deflate, br',
        connection: 'keep-alive',
        'content-length': '45',
        cookie: 'refreshToken=eyJhbGciOiJIUzI1NiIsInR5cCI6IkpXVCJ9.eyJpZCI6IjIxIiwiaXNfYWN0aXZlIjpmYWxzZSwiaWF0IjoxNzA5Nzg1MzI0LCJleHAiOjE3MDk3ODcxMjR9.jZrEnvLXYjGwxp3cjTDsO2hp4R_6AMkRzJLMTrPSV7s'
      },
      method: 'POST',
      httpVersion: '1.1',
      originalUrl: '/api/country/',
      query: {}
    },
    res: { statusCode: 200 },
    responseTime: 34
  },
  level: 'info',
  message: 'POST /api/country/ 200 34ms',
  timestamp: '2024-03-07T06:13:39.195Z'
}
{
  meta: {
    req: {
      url: '/api/country/',
      headers: {
        'content-type': 'application/json',
        'user-agent': 'PostmanRuntime/7.36.3',
        accept: '*/*',
        'postman-token': 'fb1fbeff-71ad-457e-9ef7-36c519c8e93e',
        host: 'localhost:3000',
        'accept-encoding': 'gzip, deflate, br',
        connection: 'keep-alive',
        'content-length': '45',
        cookie: 'refreshToken=eyJhbGciOiJIUzI1NiIsInR5cCI6IkpXVCJ9.eyJpZCI6IjIxIiwiaXNfYWN0aXZlIjpmYWxzZSwiaWF0IjoxNzA5Nzg1MzI0LCJleHAiOjE3MDk3ODcxMjR9.jZrEnvLXYjGwxp3cjTDsO2hp4R_6AMkRzJLMTrPSV7s'
      },
      method: 'POST',
      httpVersion: '1.1',
      originalUrl: '/api/country/',
      query: {}
    },
    res: { statusCode: 500 },
    responseTime: 45
  },
  level: 'info',
  message: 'POST /api/country/ 500 45ms',
  timestamp: '2024-03-07T06:13:40.471Z'
}
{
  meta: {
    req: {
      url: '/api/country/',
      headers: {
        'content-type': 'application/json',
        'user-agent': 'PostmanRuntime/7.36.3',
        accept: '*/*',
        'postman-token': 'f862729b-9f8b-4c1e-9a79-3d9e501046c4',
        host: 'localhost:3000',
        'accept-encoding': 'gzip, deflate, br',
        connection: 'keep-alive',
        'content-length': '45',
        cookie: 'refreshToken=eyJhbGciOiJIUzI1NiIsInR5cCI6IkpXVCJ9.eyJpZCI6IjIxIiwiaXNfYWN0aXZlIjpmYWxzZSwiaWF0IjoxNzA5Nzg1MzI0LCJleHAiOjE3MDk3ODcxMjR9.jZrEnvLXYjGwxp3cjTDsO2hp4R_6AMkRzJLMTrPSV7s'
      },
      method: 'POST',
      httpVersion: '1.1',
      originalUrl: '/api/country/',
      query: {}
    },
    res: { statusCode: 200 },
    responseTime: 111
  },
  level: 'info',
  message: 'POST /api/country/ 200 111ms',
  timestamp: '2024-03-07T06:13:41.783Z'
}
{
  meta: {
    req: {
      url: '/api/country/',
      headers: {
        'content-type': 'application/json',
        'user-agent': 'PostmanRuntime/7.36.3',
        accept: '*/*',
        'postman-token': 'd23473ee-0726-450d-9160-ecdfe17ceff3',
        host: 'localhost:3000',
        'accept-encoding': 'gzip, deflate, br',
        connection: 'keep-alive',
        'content-length': '45',
        cookie: 'refreshToken=eyJhbGciOiJIUzI1NiIsInR5cCI6IkpXVCJ9.eyJpZCI6IjIxIiwiaXNfYWN0aXZlIjpmYWxzZSwiaWF0IjoxNzA5Nzg1MzI0LCJleHAiOjE3MDk3ODcxMjR9.jZrEnvLXYjGwxp3cjTDsO2hp4R_6AMkRzJLMTrPSV7s'
      },
      method: 'POST',
      httpVersion: '1.1',
      originalUrl: '/api/country/',
      query: {}
    },
    res: { statusCode: 200 },
    responseTime: 34
  },
  level: 'info',
  message: 'POST /api/country/ 200 34ms',
  timestamp: '2024-03-07T06:13:43.185Z'
}
{
  meta: {
    req: {
      url: '/api/country/',
      headers: {
        'content-type': 'application/json',
        'user-agent': 'PostmanRuntime/7.36.3',
        accept: '*/*',
        'postman-token': '367f21ef-f5a1-4ed0-b4e1-2f1990bece48',
        host: 'localhost:3000',
        'accept-encoding': 'gzip, deflate, br',
        connection: 'keep-alive',
        'content-length': '45',
        cookie: 'refreshToken=eyJhbGciOiJIUzI1NiIsInR5cCI6IkpXVCJ9.eyJpZCI6IjIxIiwiaXNfYWN0aXZlIjpmYWxzZSwiaWF0IjoxNzA5Nzg1MzI0LCJleHAiOjE3MDk3ODcxMjR9.jZrEnvLXYjGwxp3cjTDsO2hp4R_6AMkRzJLMTrPSV7s'
      },
      method: 'POST',
      httpVersion: '1.1',
      originalUrl: '/api/country/',
      query: {}
    },
    res: { statusCode: 200 },
    responseTime: 105
  },
  level: 'info',
  message: 'POST /api/country/ 200 105ms',
  timestamp: '2024-03-07T06:14:31.852Z'
}
{
  meta: {
    req: {
      url: '/api/employer/',
      headers: {
        'content-type': 'application/json',
        'user-agent': 'PostmanRuntime/7.36.3',
        accept: '*/*',
        'postman-token': 'ece3afc5-af67-48a2-b662-5305bdb9465d',
        host: 'localhost:3000',
        'accept-encoding': 'gzip, deflate, br',
        connection: 'keep-alive',
        'content-length': '288',
        cookie: 'refreshToken=eyJhbGciOiJIUzI1NiIsInR5cCI6IkpXVCJ9.eyJpZCI6IjIxIiwiaXNfYWN0aXZlIjpmYWxzZSwiaWF0IjoxNzA5Nzg1MzI0LCJleHAiOjE3MDk3ODcxMjR9.jZrEnvLXYjGwxp3cjTDsO2hp4R_6AMkRzJLMTrPSV7s'
      },
      method: 'POST',
      httpVersion: '1.1',
      originalUrl: '/api/employer/',
      query: {}
    },
    res: { statusCode: 400 },
    responseTime: 8
  },
  level: 'info',
  message: 'POST /api/employer/ 400 8ms',
  timestamp: '2024-03-07T06:14:59.437Z'
}
{
  meta: {
    req: {
      url: '/api/employer/',
      headers: {
        'content-type': 'application/json',
        'user-agent': 'PostmanRuntime/7.36.3',
        accept: '*/*',
        'postman-token': 'cd414523-2003-4d44-93a5-919437b7f677',
        host: 'localhost:3000',
        'accept-encoding': 'gzip, deflate, br',
        connection: 'keep-alive',
        'content-length': '283',
        cookie: 'refreshToken=eyJhbGciOiJIUzI1NiIsInR5cCI6IkpXVCJ9.eyJpZCI6IjIxIiwiaXNfYWN0aXZlIjpmYWxzZSwiaWF0IjoxNzA5Nzg1MzI0LCJleHAiOjE3MDk3ODcxMjR9.jZrEnvLXYjGwxp3cjTDsO2hp4R_6AMkRzJLMTrPSV7s'
      },
      method: 'POST',
      httpVersion: '1.1',
      originalUrl: '/api/employer/',
      query: {}
    },
    res: { statusCode: 400 },
    responseTime: 2
  },
  level: 'info',
  message: 'POST /api/employer/ 400 2ms',
  timestamp: '2024-03-07T06:15:56.594Z'
}
{
  meta: {
    req: {
      url: '/api/employer/',
      headers: {
        'content-type': 'application/json',
        'user-agent': 'PostmanRuntime/7.36.3',
        accept: '*/*',
        'postman-token': '1a31c88f-cb00-4660-b97a-bdd8dc4f175f',
        host: 'localhost:3000',
        'accept-encoding': 'gzip, deflate, br',
        connection: 'keep-alive',
        'content-length': '277',
        cookie: 'refreshToken=eyJhbGciOiJIUzI1NiIsInR5cCI6IkpXVCJ9.eyJpZCI6IjIxIiwiaXNfYWN0aXZlIjpmYWxzZSwiaWF0IjoxNzA5Nzg1MzI0LCJleHAiOjE3MDk3ODcxMjR9.jZrEnvLXYjGwxp3cjTDsO2hp4R_6AMkRzJLMTrPSV7s'
      },
      method: 'POST',
      httpVersion: '1.1',
      originalUrl: '/api/employer/',
      query: {}
    },
    res: { statusCode: 400 },
    responseTime: 2
  },
  level: 'info',
  message: 'POST /api/employer/ 400 2ms',
  timestamp: '2024-03-07T06:16:11.915Z'
}
{
  meta: {
    req: {
      url: '/api/employer/',
      headers: {
        'content-type': 'application/json',
        'user-agent': 'PostmanRuntime/7.36.3',
        accept: '*/*',
        'postman-token': 'aae82f53-1ac2-46a6-b2a1-d4b8c7efccd5',
        host: 'localhost:3000',
        'accept-encoding': 'gzip, deflate, br',
        connection: 'keep-alive',
        'content-length': '264',
        cookie: 'refreshToken=eyJhbGciOiJIUzI1NiIsInR5cCI6IkpXVCJ9.eyJpZCI6IjIxIiwiaXNfYWN0aXZlIjpmYWxzZSwiaWF0IjoxNzA5Nzg1MzI0LCJleHAiOjE3MDk3ODcxMjR9.jZrEnvLXYjGwxp3cjTDsO2hp4R_6AMkRzJLMTrPSV7s'
      },
      method: 'POST',
      httpVersion: '1.1',
      originalUrl: '/api/employer/',
      query: {}
    },
    res: { statusCode: 400 },
    responseTime: 1
  },
  level: 'info',
  message: 'POST /api/employer/ 400 1ms',
  timestamp: '2024-03-07T06:16:35.076Z'
}
{
  meta: {
    req: {
      url: '/api/employer/',
      headers: {
        'content-type': 'application/json',
        'user-agent': 'PostmanRuntime/7.36.3',
        accept: '*/*',
        'postman-token': '96233cca-86ec-4418-836d-9a8b3c02b06c',
        host: 'localhost:3000',
        'accept-encoding': 'gzip, deflate, br',
        connection: 'keep-alive',
        'content-length': '262',
        cookie: 'refreshToken=eyJhbGciOiJIUzI1NiIsInR5cCI6IkpXVCJ9.eyJpZCI6IjIxIiwiaXNfYWN0aXZlIjpmYWxzZSwiaWF0IjoxNzA5Nzg1MzI0LCJleHAiOjE3MDk3ODcxMjR9.jZrEnvLXYjGwxp3cjTDsO2hp4R_6AMkRzJLMTrPSV7s'
      },
      method: 'POST',
      httpVersion: '1.1',
      originalUrl: '/api/employer/',
      query: {}
    },
    res: { statusCode: 400 },
    responseTime: 2
  },
  level: 'info',
  message: 'POST /api/employer/ 400 2ms',
  timestamp: '2024-03-07T06:16:47.015Z'
}
{
  meta: {
    req: {
      url: '/api/employer/',
      headers: {
        'content-type': 'application/json',
        'user-agent': 'PostmanRuntime/7.36.3',
        accept: '*/*',
        'postman-token': '162dc38e-688f-4f0c-9b17-d73dba979792',
        host: 'localhost:3000',
        'accept-encoding': 'gzip, deflate, br',
        connection: 'keep-alive',
        'content-length': '262',
        cookie: 'refreshToken=eyJhbGciOiJIUzI1NiIsInR5cCI6IkpXVCJ9.eyJpZCI6IjIxIiwiaXNfYWN0aXZlIjpmYWxzZSwiaWF0IjoxNzA5Nzg1MzI0LCJleHAiOjE3MDk3ODcxMjR9.jZrEnvLXYjGwxp3cjTDsO2hp4R_6AMkRzJLMTrPSV7s'
      },
      method: 'POST',
      httpVersion: '1.1',
      originalUrl: '/api/employer/',
      query: {}
    },
    res: { statusCode: 400 },
    responseTime: 16
  },
  level: 'info',
  message: 'POST /api/employer/ 400 16ms',
  timestamp: '2024-03-07T06:17:14.808Z'
}
{
  meta: {
    req: {
      url: '/api/employer/',
      headers: {
        'content-type': 'application/json',
        'user-agent': 'PostmanRuntime/7.36.3',
        accept: '*/*',
        'postman-token': '814e677c-433a-439b-b834-371ce068e8ba',
        host: 'localhost:3000',
        'accept-encoding': 'gzip, deflate, br',
        connection: 'keep-alive',
        'content-length': '233',
        cookie: 'refreshToken=eyJhbGciOiJIUzI1NiIsInR5cCI6IkpXVCJ9.eyJpZCI6IjIxIiwiaXNfYWN0aXZlIjpmYWxzZSwiaWF0IjoxNzA5Nzg1MzI0LCJleHAiOjE3MDk3ODcxMjR9.jZrEnvLXYjGwxp3cjTDsO2hp4R_6AMkRzJLMTrPSV7s'
      },
      method: 'POST',
      httpVersion: '1.1',
      originalUrl: '/api/employer/',
      query: {}
    },
    res: { statusCode: 200 },
    responseTime: 272
  },
  level: 'info',
  message: 'POST /api/employer/ 200 272ms',
  timestamp: '2024-03-07T06:35:45.176Z'
}
{
  meta: {
    req: {
      url: '/api/country/',
      headers: {
        'content-type': 'application/json',
        'user-agent': 'PostmanRuntime/7.36.3',
        accept: '*/*',
        'postman-token': '5df87c12-de0c-475d-b2c6-018b3940ea70',
        host: 'localhost:3000',
        'accept-encoding': 'gzip, deflate, br',
        connection: 'keep-alive',
        'content-length': '45',
        cookie: 'refreshToken=eyJhbGciOiJIUzI1NiIsInR5cCI6IkpXVCJ9.eyJpZCI6IjIxIiwiaXNfYWN0aXZlIjpmYWxzZSwiaWF0IjoxNzA5Nzg1MzI0LCJleHAiOjE3MDk3ODcxMjR9.jZrEnvLXYjGwxp3cjTDsO2hp4R_6AMkRzJLMTrPSV7s'
      },
      method: 'POST',
      httpVersion: '1.1',
      originalUrl: '/api/country/',
      query: {}
    },
    res: { statusCode: 200 },
    responseTime: 71
  },
  level: 'info',
  message: 'POST /api/country/ 200 71ms',
  timestamp: '2024-03-07T06:36:00.145Z'
}
{
  meta: {
    req: {
      url: '/api/job/',
      headers: {
        'content-type': 'application/json',
        'user-agent': 'PostmanRuntime/7.36.3',
        accept: '*/*',
        'postman-token': '2b401e1b-5d3b-4f48-aa54-29183781cd98',
        host: 'localhost:3000',
        'accept-encoding': 'gzip, deflate, br',
        connection: 'keep-alive',
        'content-length': '81',
        cookie: 'refreshToken=eyJhbGciOiJIUzI1NiIsInR5cCI6IkpXVCJ9.eyJpZCI6IjIxIiwiaXNfYWN0aXZlIjpmYWxzZSwiaWF0IjoxNzA5Nzg1MzI0LCJleHAiOjE3MDk3ODcxMjR9.jZrEnvLXYjGwxp3cjTDsO2hp4R_6AMkRzJLMTrPSV7s'
      },
      method: 'POST',
      httpVersion: '1.1',
      originalUrl: '/api/job/',
      query: {}
    },
    res: { statusCode: 200 },
    responseTime: 140
  },
  level: 'info',
  message: 'POST /api/job/ 200 140ms',
  timestamp: '2024-03-07T06:37:57.466Z'
}
{
  meta: {
    req: {
      url: '/api/employer/1',
      headers: {
        'user-agent': 'PostmanRuntime/7.36.3',
        accept: '*/*',
        'postman-token': 'f2a190d6-e42c-413a-bfff-f710874b9c60',
        host: 'localhost:3000',
        'accept-encoding': 'gzip, deflate, br',
        connection: 'keep-alive',
        cookie: 'refreshToken=eyJhbGciOiJIUzI1NiIsInR5cCI6IkpXVCJ9.eyJpZCI6IjIxIiwiaXNfYWN0aXZlIjpmYWxzZSwiaWF0IjoxNzA5Nzg1MzI0LCJleHAiOjE3MDk3ODcxMjR9.jZrEnvLXYjGwxp3cjTDsO2hp4R_6AMkRzJLMTrPSV7s'
      },
      method: 'GET',
      httpVersion: '1.1',
      originalUrl: '/api/employer/1',
      query: {}
    },
    res: { statusCode: 200 },
    responseTime: 102
  },
  level: 'info',
  message: 'GET /api/employer/1 200 102ms',
  timestamp: '2024-03-07T06:38:22.768Z'
}
{
  meta: {
    req: {
      url: '/api/employer/1',
      headers: {
        'user-agent': 'PostmanRuntime/7.36.3',
        accept: '*/*',
        'postman-token': 'c5bdd24d-3ad6-4e3a-b355-22d18d9a4f8e',
        host: 'localhost:3000',
        'accept-encoding': 'gzip, deflate, br',
        connection: 'keep-alive',
        cookie: 'refreshToken=eyJhbGciOiJIUzI1NiIsInR5cCI6IkpXVCJ9.eyJpZCI6IjIxIiwiaXNfYWN0aXZlIjpmYWxzZSwiaWF0IjoxNzA5Nzg1MzI0LCJleHAiOjE3MDk3ODcxMjR9.jZrEnvLXYjGwxp3cjTDsO2hp4R_6AMkRzJLMTrPSV7s'
      },
      method: 'GET',
      httpVersion: '1.1',
      originalUrl: '/api/employer/1',
      query: {}
    },
    res: { statusCode: 200 },
    responseTime: 103
  },
  level: 'info',
  message: 'GET /api/employer/1 200 103ms',
  timestamp: '2024-03-07T06:39:19.449Z'
}
{
  meta: {
    req: {
      url: '/api/employer/',
      headers: {
        'user-agent': 'PostmanRuntime/7.36.3',
        accept: '*/*',
        'postman-token': '9a6f3370-80e9-4dca-a28b-40307f130cd8',
        host: 'localhost:3000',
        'accept-encoding': 'gzip, deflate, br',
        connection: 'keep-alive',
        cookie: 'refreshToken=eyJhbGciOiJIUzI1NiIsInR5cCI6IkpXVCJ9.eyJpZCI6IjIxIiwiaXNfYWN0aXZlIjpmYWxzZSwiaWF0IjoxNzA5Nzg1MzI0LCJleHAiOjE3MDk3ODcxMjR9.jZrEnvLXYjGwxp3cjTDsO2hp4R_6AMkRzJLMTrPSV7s'
      },
      method: 'GET',
      httpVersion: '1.1',
      originalUrl: '/api/employer/',
      query: {}
    },
    res: { statusCode: 200 },
    responseTime: 105
  },
  level: 'info',
  message: 'GET /api/employer/ 200 105ms',
  timestamp: '2024-03-07T06:39:30.497Z'
}
{
  meta: {
    req: {
      url: '/api/employer/1',
      headers: {
        'user-agent': 'PostmanRuntime/7.36.3',
        accept: '*/*',
        'postman-token': '650b59de-36e5-4ad3-8b87-2a305ddd64c5',
        host: 'localhost:3000',
        'accept-encoding': 'gzip, deflate, br',
        connection: 'keep-alive',
        cookie: 'refreshToken=eyJhbGciOiJIUzI1NiIsInR5cCI6IkpXVCJ9.eyJpZCI6IjIxIiwiaXNfYWN0aXZlIjpmYWxzZSwiaWF0IjoxNzA5Nzg1MzI0LCJleHAiOjE3MDk3ODcxMjR9.jZrEnvLXYjGwxp3cjTDsO2hp4R_6AMkRzJLMTrPSV7s'
      },
      method: 'GET',
      httpVersion: '1.1',
      originalUrl: '/api/employer/1',
      query: {}
    },
    res: { statusCode: 200 },
    responseTime: 8
  },
  level: 'info',
  message: 'GET /api/employer/1 200 8ms',
  timestamp: '2024-03-07T06:39:36.360Z'
}
{
  meta: {
    req: {
      url: '/api/employer/',
      headers: {
        'content-type': 'application/json',
        'user-agent': 'PostmanRuntime/7.36.3',
        accept: '*/*',
        'postman-token': '0bf6f564-706a-40e7-b3f0-0e3726163fb0',
        host: 'localhost:3000',
        'accept-encoding': 'gzip, deflate, br',
        connection: 'keep-alive',
        'content-length': '287',
        cookie: 'refreshToken=eyJhbGciOiJIUzI1NiIsInR5cCI6IkpXVCJ9.eyJpZCI6IjIxIiwiaXNfYWN0aXZlIjpmYWxzZSwiaWF0IjoxNzA5Nzg1MzI0LCJleHAiOjE3MDk3ODcxMjR9.jZrEnvLXYjGwxp3cjTDsO2hp4R_6AMkRzJLMTrPSV7s'
      },
      method: 'PUT',
      httpVersion: '1.1',
      originalUrl: '/api/employer/',
      query: {}
    },
    res: { statusCode: 404 },
    responseTime: 2
  },
  level: 'info',
  message: 'PUT /api/employer/ 404 2ms',
  timestamp: '2024-03-07T06:40:03.291Z'
}
{
  meta: {
    req: {
      url: '/api/employer/',
      headers: {
        'content-type': 'application/json',
        'user-agent': 'PostmanRuntime/7.36.3',
        accept: '*/*',
        'postman-token': '4b140578-2d0b-4dc5-954d-ebf3058fc04f',
        host: 'localhost:3000',
        'accept-encoding': 'gzip, deflate, br',
        connection: 'keep-alive',
        'content-length': '283',
        cookie: 'refreshToken=eyJhbGciOiJIUzI1NiIsInR5cCI6IkpXVCJ9.eyJpZCI6IjIxIiwiaXNfYWN0aXZlIjpmYWxzZSwiaWF0IjoxNzA5Nzg1MzI0LCJleHAiOjE3MDk3ODcxMjR9.jZrEnvLXYjGwxp3cjTDsO2hp4R_6AMkRzJLMTrPSV7s'
      },
      method: 'PUT',
      httpVersion: '1.1',
      originalUrl: '/api/employer/',
      query: {}
    },
    res: { statusCode: 404 },
    responseTime: 1
  },
  level: 'info',
  message: 'PUT /api/employer/ 404 1ms',
  timestamp: '2024-03-07T06:40:29.050Z'
}
{
  meta: {
    req: {
      url: '/api/employer/1',
      headers: {
        'user-agent': 'PostmanRuntime/7.36.3',
        accept: '*/*',
        'postman-token': 'a66429be-e191-48e1-ac4e-f456d28c9466',
        host: 'localhost:3000',
        'accept-encoding': 'gzip, deflate, br',
        connection: 'keep-alive',
        cookie: 'refreshToken=eyJhbGciOiJIUzI1NiIsInR5cCI6IkpXVCJ9.eyJpZCI6IjIxIiwiaXNfYWN0aXZlIjpmYWxzZSwiaWF0IjoxNzA5Nzg1MzI0LCJleHAiOjE3MDk3ODcxMjR9.jZrEnvLXYjGwxp3cjTDsO2hp4R_6AMkRzJLMTrPSV7s'
      },
      method: 'DELETE',
      httpVersion: '1.1',
      originalUrl: '/api/employer/1',
      query: {}
    },
    res: { statusCode: 200 },
    responseTime: 146
  },
  level: 'info',
  message: 'DELETE /api/employer/1 200 146ms',
  timestamp: '2024-03-07T06:40:52.037Z'
}
{
  meta: {
    req: {
      url: '/api/employer/',
      headers: {
        'content-type': 'application/json',
        'user-agent': 'PostmanRuntime/7.36.3',
        accept: '*/*',
        'postman-token': '7763c6a9-6b16-4981-8988-0f91d416b817',
        host: 'localhost:3000',
        'accept-encoding': 'gzip, deflate, br',
        connection: 'keep-alive',
        'content-length': '233',
        cookie: 'refreshToken=eyJhbGciOiJIUzI1NiIsInR5cCI6IkpXVCJ9.eyJpZCI6IjIxIiwiaXNfYWN0aXZlIjpmYWxzZSwiaWF0IjoxNzA5Nzg1MzI0LCJleHAiOjE3MDk3ODcxMjR9.jZrEnvLXYjGwxp3cjTDsO2hp4R_6AMkRzJLMTrPSV7s'
      },
      method: 'POST',
      httpVersion: '1.1',
      originalUrl: '/api/employer/',
      query: {}
    },
    res: { statusCode: 400 },
    responseTime: 103
  },
  level: 'info',
  message: 'POST /api/employer/ 400 103ms',
  timestamp: '2024-03-07T06:41:12.861Z'
}
{
  meta: {
    req: {
      url: '/api/employer/',
      headers: {
        'content-type': 'application/json',
        'user-agent': 'PostmanRuntime/7.36.3',
        accept: '*/*',
        'postman-token': 'b6ae6874-9a51-4f9a-b205-861f904336d0',
        host: 'localhost:3000',
        'accept-encoding': 'gzip, deflate, br',
        connection: 'keep-alive',
        'content-length': '234',
        cookie: 'refreshToken=eyJhbGciOiJIUzI1NiIsInR5cCI6IkpXVCJ9.eyJpZCI6IjIxIiwiaXNfYWN0aXZlIjpmYWxzZSwiaWF0IjoxNzA5Nzg1MzI0LCJleHAiOjE3MDk3ODcxMjR9.jZrEnvLXYjGwxp3cjTDsO2hp4R_6AMkRzJLMTrPSV7s'
      },
      method: 'POST',
      httpVersion: '1.1',
      originalUrl: '/api/employer/',
      query: {}
    },
    res: { statusCode: 200 },
    responseTime: 57
  },
  level: 'info',
  message: 'POST /api/employer/ 200 57ms',
  timestamp: '2024-03-07T06:41:20.358Z'
}
{
  meta: {
    req: {
      url: '/api/employer/',
      headers: {
        'content-type': 'application/json',
        'user-agent': 'PostmanRuntime/7.36.3',
        accept: '*/*',
        'postman-token': '42bf97f0-ddef-40b2-b2fc-a49441f14595',
        host: 'localhost:3000',
        'accept-encoding': 'gzip, deflate, br',
        connection: 'keep-alive',
        'content-length': '268',
        cookie: 'refreshToken=eyJhbGciOiJIUzI1NiIsInR5cCI6IkpXVCJ9.eyJpZCI6IjIxIiwiaXNfYWN0aXZlIjpmYWxzZSwiaWF0IjoxNzA5Nzg1MzI0LCJleHAiOjE3MDk3ODcxMjR9.jZrEnvLXYjGwxp3cjTDsO2hp4R_6AMkRzJLMTrPSV7s'
      },
      method: 'POST',
      httpVersion: '1.1',
      originalUrl: '/api/employer/',
      query: {}
    },
    res: { statusCode: 400 },
    responseTime: 189
  },
  level: 'info',
  message: 'POST /api/employer/ 400 189ms',
  timestamp: '2024-03-07T06:42:05.562Z'
}
{
  meta: {
    req: {
      url: '/api/employer/',
      headers: {
        'content-type': 'application/json',
        'user-agent': 'PostmanRuntime/7.36.3',
        accept: '*/*',
        'postman-token': '21e6e8ca-6236-435e-a145-dd71ce55ea10',
        host: 'localhost:3000',
        'accept-encoding': 'gzip, deflate, br',
        connection: 'keep-alive',
        'content-length': '267',
        cookie: 'refreshToken=eyJhbGciOiJIUzI1NiIsInR5cCI6IkpXVCJ9.eyJpZCI6IjIxIiwiaXNfYWN0aXZlIjpmYWxzZSwiaWF0IjoxNzA5Nzg1MzI0LCJleHAiOjE3MDk3ODcxMjR9.jZrEnvLXYjGwxp3cjTDsO2hp4R_6AMkRzJLMTrPSV7s'
      },
      method: 'POST',
      httpVersion: '1.1',
      originalUrl: '/api/employer/',
      query: {}
    },
    res: { statusCode: 200 },
    responseTime: 113
  },
  level: 'info',
  message: 'POST /api/employer/ 200 113ms',
  timestamp: '2024-03-07T06:42:20.054Z'
}
{
  meta: {
    req: {
      url: '/api/employer/login',
      headers: {
        'content-type': 'application/json',
        'user-agent': 'PostmanRuntime/7.36.3',
        accept: '*/*',
        'postman-token': '7a4468b8-90fb-40d6-aab2-b374bbdddf82',
        host: 'localhost:3000',
        'accept-encoding': 'gzip, deflate, br',
        connection: 'keep-alive',
        'content-length': '83',
        cookie: 'refreshToken=eyJhbGciOiJIUzI1NiIsInR5cCI6IkpXVCJ9.eyJpZCI6IjIxIiwiaXNfYWN0aXZlIjpmYWxzZSwiaWF0IjoxNzA5Nzg1MzI0LCJleHAiOjE3MDk3ODcxMjR9.jZrEnvLXYjGwxp3cjTDsO2hp4R_6AMkRzJLMTrPSV7s'
      },
      method: 'POST',
      httpVersion: '1.1',
      originalUrl: '/api/employer/login',
      query: {}
    },
    res: { statusCode: 500 },
    responseTime: 96
  },
  level: 'info',
  message: 'POST /api/employer/login 500 96ms',
  timestamp: '2024-03-07T06:42:46.192Z'
}
{
  meta: {
    req: {
      url: '/api/employer/login',
      headers: {
        'content-type': 'application/json',
        'user-agent': 'PostmanRuntime/7.36.3',
        accept: '*/*',
        'postman-token': '5f72d9b8-f225-4eba-a3ea-c4997e814f46',
        host: 'localhost:3000',
        'accept-encoding': 'gzip, deflate, br',
        connection: 'keep-alive',
        'content-length': '83',
        cookie: 'refreshToken=eyJhbGciOiJIUzI1NiIsInR5cCI6IkpXVCJ9.eyJpZCI6IjIxIiwiaXNfYWN0aXZlIjpmYWxzZSwiaWF0IjoxNzA5Nzg1MzI0LCJleHAiOjE3MDk3ODcxMjR9.jZrEnvLXYjGwxp3cjTDsO2hp4R_6AMkRzJLMTrPSV7s'
      },
      method: 'POST',
      httpVersion: '1.1',
      originalUrl: '/api/employer/login',
      query: {}
    },
    res: { statusCode: 500 },
    responseTime: 103
  },
  level: 'info',
  message: 'POST /api/employer/login 500 103ms',
  timestamp: '2024-03-07T06:43:29.294Z'
}
{
  meta: {
    req: {
      url: '/api/employer/login',
      headers: {
        'content-type': 'application/json',
        'user-agent': 'PostmanRuntime/7.36.3',
        accept: '*/*',
        'postman-token': '0c8baf98-2ad2-4575-95c0-3c6613e9dc64',
        host: 'localhost:3000',
        'accept-encoding': 'gzip, deflate, br',
        connection: 'keep-alive',
        'content-length': '83',
        cookie: 'refreshToken=eyJhbGciOiJIUzI1NiIsInR5cCI6IkpXVCJ9.eyJpZCI6IjIxIiwiaXNfYWN0aXZlIjpmYWxzZSwiaWF0IjoxNzA5Nzg1MzI0LCJleHAiOjE3MDk3ODcxMjR9.jZrEnvLXYjGwxp3cjTDsO2hp4R_6AMkRzJLMTrPSV7s'
      },
      method: 'POST',
      httpVersion: '1.1',
      originalUrl: '/api/employer/login',
      query: {}
    },
    res: { statusCode: 500 },
    responseTime: 104
  },
  level: 'info',
  message: 'POST /api/employer/login 500 104ms',
  timestamp: '2024-03-07T06:44:29.098Z'
}
{
  meta: {
    req: {
      url: '/api/employer/login',
      headers: {
        'content-type': 'application/json',
        'user-agent': 'PostmanRuntime/7.36.3',
        accept: '*/*',
        'postman-token': 'ca6d131d-a80d-413b-85b9-7d8966015474',
        host: 'localhost:3000',
        'accept-encoding': 'gzip, deflate, br',
        connection: 'keep-alive',
        'content-length': '83',
        cookie: 'refreshToken=eyJhbGciOiJIUzI1NiIsInR5cCI6IkpXVCJ9.eyJpZCI6IjIxIiwiaXNfYWN0aXZlIjpmYWxzZSwiaWF0IjoxNzA5Nzg1MzI0LCJleHAiOjE3MDk3ODcxMjR9.jZrEnvLXYjGwxp3cjTDsO2hp4R_6AMkRzJLMTrPSV7s'
      },
      method: 'POST',
      httpVersion: '1.1',
      originalUrl: '/api/employer/login',
      query: {}
    },
    res: { statusCode: 500 },
    responseTime: 110
  },
  level: 'info',
  message: 'POST /api/employer/login 500 110ms',
  timestamp: '2024-03-07T06:45:44.141Z'
}
{
  meta: {
    req: {
      url: '/api/employer/login',
      headers: {
        'content-type': 'application/json',
        'user-agent': 'PostmanRuntime/7.36.3',
        accept: '*/*',
        'postman-token': '708e8e06-2799-4734-a059-292c237fb39a',
        host: 'localhost:3000',
        'accept-encoding': 'gzip, deflate, br',
        connection: 'keep-alive',
        'content-length': '83',
        cookie: 'refreshToken=eyJhbGciOiJIUzI1NiIsInR5cCI6IkpXVCJ9.eyJpZCI6IjIxIiwiaXNfYWN0aXZlIjpmYWxzZSwiaWF0IjoxNzA5Nzg1MzI0LCJleHAiOjE3MDk3ODcxMjR9.jZrEnvLXYjGwxp3cjTDsO2hp4R_6AMkRzJLMTrPSV7s'
      },
      method: 'POST',
      httpVersion: '1.1',
      originalUrl: '/api/employer/login',
      query: {}
    },
    res: { statusCode: 500 },
    responseTime: 103
  },
  level: 'info',
  message: 'POST /api/employer/login 500 103ms',
  timestamp: '2024-03-07T06:47:13.820Z'
}
{
  meta: {
    req: {
      url: '/api/admin/login',
      headers: {
        'content-type': 'application/json',
        'user-agent': 'PostmanRuntime/7.36.3',
        accept: '*/*',
        'postman-token': 'e59c6fe2-5184-4921-afc8-e779654b53a7',
        host: 'localhost:3000',
        'accept-encoding': 'gzip, deflate, br',
        connection: 'keep-alive',
        'content-length': '69',
        cookie: 'refreshToken=eyJhbGciOiJIUzI1NiIsInR5cCI6IkpXVCJ9.eyJpZCI6IjIxIiwiaXNfYWN0aXZlIjpmYWxzZSwiaWF0IjoxNzA5Nzg1MzI0LCJleHAiOjE3MDk3ODcxMjR9.jZrEnvLXYjGwxp3cjTDsO2hp4R_6AMkRzJLMTrPSV7s'
      },
      method: 'POST',
      httpVersion: '1.1',
      originalUrl: '/api/admin/login',
      query: {}
    },
    res: { statusCode: 200 },
    responseTime: 54
  },
  level: 'info',
  message: 'POST /api/admin/login 200 54ms',
  timestamp: '2024-03-07T06:47:21.579Z'
}
{
  meta: {
    req: {
      url: '/api/employer/login',
      headers: {
        'content-type': 'application/json',
        'user-agent': 'PostmanRuntime/7.36.3',
        accept: '*/*',
        'postman-token': '321e3938-fd46-4b22-85c9-43d6e169face',
        host: 'localhost:3000',
        'accept-encoding': 'gzip, deflate, br',
        connection: 'keep-alive',
        'content-length': '84',
        cookie: 'refreshToken=eyJhbGciOiJIUzI1NiIsInR5cCI6IkpXVCJ9.eyJpZCI6IjIxIiwiaXNfYWN0aXZlIjp0cnVlLCJpYXQiOjE3MDk3OTQwNDEsImV4cCI6MTcwOTc5NTg0MX0.eU33x9PTzj0_fNZdhaTSarUYP9PxocNICo5oNlmNwtk'
      },
      method: 'POST',
      httpVersion: '1.1',
      originalUrl: '/api/employer/login',
      query: {}
    },
    res: { statusCode: 500 },
    responseTime: 93
  },
  level: 'info',
  message: 'POST /api/employer/login 500 93ms',
  timestamp: '2024-03-07T06:47:41.640Z'
}
{
  meta: {
    req: {
      url: '/api/employer/login',
      headers: {
        'content-type': 'application/json',
        'user-agent': 'PostmanRuntime/7.36.3',
        accept: '*/*',
        'postman-token': 'e7e23c39-f7be-4366-8875-6b6070787aab',
        host: 'localhost:3000',
        'accept-encoding': 'gzip, deflate, br',
        connection: 'keep-alive',
        'content-length': '84',
        cookie: 'refreshToken=eyJhbGciOiJIUzI1NiIsInR5cCI6IkpXVCJ9.eyJpZCI6IjIxIiwiaXNfYWN0aXZlIjp0cnVlLCJpYXQiOjE3MDk3OTQwNDEsImV4cCI6MTcwOTc5NTg0MX0.eU33x9PTzj0_fNZdhaTSarUYP9PxocNICo5oNlmNwtk'
      },
      method: 'POST',
      httpVersion: '1.1',
      originalUrl: '/api/employer/login',
      query: {}
    },
    res: { statusCode: 500 },
    responseTime: 102
  },
  level: 'info',
  message: 'POST /api/employer/login 500 102ms',
  timestamp: '2024-03-07T06:48:13.488Z'
}
{
  meta: {
    req: {
      url: '/api/employer/login',
      headers: {
        'content-type': 'application/json',
        'user-agent': 'PostmanRuntime/7.36.3',
        accept: '*/*',
        'postman-token': '3f3990a6-8ce3-4ad7-964e-e908df899be9',
        host: 'localhost:3000',
        'accept-encoding': 'gzip, deflate, br',
        connection: 'keep-alive',
        'content-length': '84',
        cookie: 'refreshToken=eyJhbGciOiJIUzI1NiIsInR5cCI6IkpXVCJ9.eyJpZCI6IjIxIiwiaXNfYWN0aXZlIjp0cnVlLCJpYXQiOjE3MDk3OTQwNDEsImV4cCI6MTcwOTc5NTg0MX0.eU33x9PTzj0_fNZdhaTSarUYP9PxocNICo5oNlmNwtk'
      },
      method: 'POST',
      httpVersion: '1.1',
      originalUrl: '/api/employer/login',
      query: {}
    },
    res: { statusCode: 500 },
    responseTime: 7
  },
  level: 'info',
  message: 'POST /api/employer/login 500 7ms',
  timestamp: '2024-03-07T06:50:25.133Z'
}
{
  meta: {
    req: {
      url: '/api/employer/login',
      headers: {
        'content-type': 'application/json',
        'user-agent': 'PostmanRuntime/7.36.3',
        accept: '*/*',
        'postman-token': 'e07dc645-3d7f-4644-9284-556ea74bc1c4',
        host: 'localhost:3000',
        'accept-encoding': 'gzip, deflate, br',
        connection: 'keep-alive',
        'content-length': '84',
        cookie: 'refreshToken=eyJhbGciOiJIUzI1NiIsInR5cCI6IkpXVCJ9.eyJpZCI6IjIxIiwiaXNfYWN0aXZlIjp0cnVlLCJpYXQiOjE3MDk3OTQwNDEsImV4cCI6MTcwOTc5NTg0MX0.eU33x9PTzj0_fNZdhaTSarUYP9PxocNICo5oNlmNwtk'
      },
      method: 'POST',
      httpVersion: '1.1',
      originalUrl: '/api/employer/login',
      query: {}
    },
    res: { statusCode: 400 },
    responseTime: 98
  },
  level: 'info',
  message: 'POST /api/employer/login 400 98ms',
  timestamp: '2024-03-07T06:50:56.384Z'
}
{
  meta: {
    req: {
      url: '/api/employer/login',
      headers: {
        'content-type': 'application/json',
        'user-agent': 'PostmanRuntime/7.36.3',
        accept: '*/*',
        'postman-token': 'a1b88f26-b6a1-4d98-bcd8-f79e4f9025e4',
        host: 'localhost:3000',
        'accept-encoding': 'gzip, deflate, br',
        connection: 'keep-alive',
        'content-length': '85',
        cookie: 'refreshToken=eyJhbGciOiJIUzI1NiIsInR5cCI6IkpXVCJ9.eyJpZCI6IjIxIiwiaXNfYWN0aXZlIjp0cnVlLCJpYXQiOjE3MDk3OTQwNDEsImV4cCI6MTcwOTc5NTg0MX0.eU33x9PTzj0_fNZdhaTSarUYP9PxocNICo5oNlmNwtk'
      },
      method: 'POST',
      httpVersion: '1.1',
      originalUrl: '/api/employer/login',
      query: {}
    },
    res: { statusCode: 400 },
    responseTime: 3
  },
  level: 'info',
  message: 'POST /api/employer/login 400 3ms',
  timestamp: '2024-03-07T06:51:05.730Z'
}
{
  meta: {
    req: {
      url: '/api/employer/login',
      headers: {
        'content-type': 'application/json',
        'user-agent': 'PostmanRuntime/7.36.3',
        accept: '*/*',
        'postman-token': '7b473203-65cb-48e0-9364-f3b21f1ee665',
        host: 'localhost:3000',
        'accept-encoding': 'gzip, deflate, br',
        connection: 'keep-alive',
        'content-length': '85',
        cookie: 'refreshToken=eyJhbGciOiJIUzI1NiIsInR5cCI6IkpXVCJ9.eyJpZCI6IjIxIiwiaXNfYWN0aXZlIjp0cnVlLCJpYXQiOjE3MDk3OTQwNDEsImV4cCI6MTcwOTc5NTg0MX0.eU33x9PTzj0_fNZdhaTSarUYP9PxocNICo5oNlmNwtk'
      },
      method: 'POST',
      httpVersion: '1.1',
      originalUrl: '/api/employer/login',
      query: {}
    },
    res: { statusCode: 400 },
    responseTime: 100
  },
  level: 'info',
  message: 'POST /api/employer/login 400 100ms',
  timestamp: '2024-03-07T06:52:28.024Z'
}
{
  meta: {
    req: {
      url: '/api/employer/login',
      headers: {
        'content-type': 'application/json',
        'user-agent': 'PostmanRuntime/7.36.3',
        accept: '*/*',
        'postman-token': '4bad9a82-ee3e-478f-b27e-7af290f4b954',
        host: 'localhost:3000',
        'accept-encoding': 'gzip, deflate, br',
        connection: 'keep-alive',
        'content-length': '83',
        cookie: 'refreshToken=eyJhbGciOiJIUzI1NiIsInR5cCI6IkpXVCJ9.eyJpZCI6IjIxIiwiaXNfYWN0aXZlIjp0cnVlLCJpYXQiOjE3MDk3OTQwNDEsImV4cCI6MTcwOTc5NTg0MX0.eU33x9PTzj0_fNZdhaTSarUYP9PxocNICo5oNlmNwtk'
      },
      method: 'POST',
      httpVersion: '1.1',
      originalUrl: '/api/employer/login',
      query: {}
    },
    res: { statusCode: 400 },
    responseTime: 71
  },
  level: 'info',
  message: 'POST /api/employer/login 400 71ms',
  timestamp: '2024-03-07T06:53:30.153Z'
}
{
  meta: {
    req: {
      url: '/api/employer/login',
      headers: {
        'content-type': 'application/json',
        'user-agent': 'PostmanRuntime/7.36.3',
        accept: '*/*',
        'postman-token': '801aa8e0-b27a-459e-bb72-841a21ce1c1a',
        host: 'localhost:3000',
        'accept-encoding': 'gzip, deflate, br',
        connection: 'keep-alive',
        'content-length': '83',
        cookie: 'refreshToken=eyJhbGciOiJIUzI1NiIsInR5cCI6IkpXVCJ9.eyJpZCI6IjIxIiwiaXNfYWN0aXZlIjp0cnVlLCJpYXQiOjE3MDk3OTQwNDEsImV4cCI6MTcwOTc5NTg0MX0.eU33x9PTzj0_fNZdhaTSarUYP9PxocNICo5oNlmNwtk'
      },
      method: 'POST',
      httpVersion: '1.1',
      originalUrl: '/api/employer/login',
      query: {}
    },
    res: { statusCode: 400 },
    responseTime: 108
  },
  level: 'info',
  message: 'POST /api/employer/login 400 108ms',
  timestamp: '2024-03-07T06:54:04.321Z'
}
{
  meta: {
    req: {
      url: '/api/employer/login',
      headers: {
        'content-type': 'application/json',
        'user-agent': 'PostmanRuntime/7.36.3',
        accept: '*/*',
        'postman-token': '1ed149c0-c03b-4a82-a697-48e27961b719',
        host: 'localhost:3000',
        'accept-encoding': 'gzip, deflate, br',
        connection: 'keep-alive',
        'content-length': '83',
        cookie: 'refreshToken=eyJhbGciOiJIUzI1NiIsInR5cCI6IkpXVCJ9.eyJpZCI6IjIxIiwiaXNfYWN0aXZlIjp0cnVlLCJpYXQiOjE3MDk3OTQwNDEsImV4cCI6MTcwOTc5NTg0MX0.eU33x9PTzj0_fNZdhaTSarUYP9PxocNICo5oNlmNwtk'
      },
      method: 'POST',
      httpVersion: '1.1',
      originalUrl: '/api/employer/login',
      query: {}
    },
    res: { statusCode: 400 },
    responseTime: 99
  },
  level: 'info',
  message: 'POST /api/employer/login 400 99ms',
  timestamp: '2024-03-07T06:55:08.662Z'
}
{
  meta: {
    req: {
      url: '/api/employer/',
      headers: {
        'content-type': 'application/json',
        'user-agent': 'PostmanRuntime/7.36.3',
        accept: '*/*',
        'postman-token': '09af6369-da1e-45fc-8a85-d813e6b37ae1',
        host: 'localhost:3000',
        'accept-encoding': 'gzip, deflate, br',
        connection: 'keep-alive',
        'content-length': '268',
        cookie: 'refreshToken=eyJhbGciOiJIUzI1NiIsInR5cCI6IkpXVCJ9.eyJpZCI6IjIxIiwiaXNfYWN0aXZlIjp0cnVlLCJpYXQiOjE3MDk3OTQwNDEsImV4cCI6MTcwOTc5NTg0MX0.eU33x9PTzj0_fNZdhaTSarUYP9PxocNICo5oNlmNwtk'
      },
      method: 'POST',
      httpVersion: '1.1',
      originalUrl: '/api/employer/',
      query: {}
    },
    res: { statusCode: 200 },
    responseTime: 185
  },
  level: 'info',
  message: 'POST /api/employer/ 200 185ms',
  timestamp: '2024-03-07T06:57:02.214Z'
}
{
  meta: {
    req: {
      url: '/api/employer/login',
      headers: {
        'content-type': 'application/json',
        'user-agent': 'PostmanRuntime/7.36.3',
        accept: '*/*',
        'postman-token': '0ed0201e-c9a8-40ab-8e84-015ac34a2ee0',
        host: 'localhost:3000',
        'accept-encoding': 'gzip, deflate, br',
        connection: 'keep-alive',
        'content-length': '84',
        cookie: 'refreshToken=eyJhbGciOiJIUzI1NiIsInR5cCI6IkpXVCJ9.eyJpZCI6IjIxIiwiaXNfYWN0aXZlIjp0cnVlLCJpYXQiOjE3MDk3OTQwNDEsImV4cCI6MTcwOTc5NTg0MX0.eU33x9PTzj0_fNZdhaTSarUYP9PxocNICo5oNlmNwtk'
      },
      method: 'POST',
      httpVersion: '1.1',
      originalUrl: '/api/employer/login',
      query: {}
    },
    res: { statusCode: 500 },
    responseTime: 86
  },
  level: 'info',
  message: 'POST /api/employer/login 500 86ms',
  timestamp: '2024-03-07T06:57:18.749Z'
}
{
  meta: {
    req: {
      url: '/api/employer/login',
      headers: {
        'content-type': 'application/json',
        'user-agent': 'PostmanRuntime/7.36.3',
        accept: '*/*',
        'postman-token': 'b123957f-2682-48aa-a775-184684fb386d',
        host: 'localhost:3000',
        'accept-encoding': 'gzip, deflate, br',
        connection: 'keep-alive',
        'content-length': '85',
        cookie: 'refreshToken=eyJhbGciOiJIUzI1NiIsInR5cCI6IkpXVCJ9.eyJpZCI6IjIxIiwiaXNfYWN0aXZlIjp0cnVlLCJpYXQiOjE3MDk3OTQwNDEsImV4cCI6MTcwOTc5NTg0MX0.eU33x9PTzj0_fNZdhaTSarUYP9PxocNICo5oNlmNwtk'
      },
      method: 'POST',
      httpVersion: '1.1',
      originalUrl: '/api/employer/login',
      query: {}
    },
    res: { statusCode: 400 },
    responseTime: 67
  },
  level: 'info',
  message: 'POST /api/employer/login 400 67ms',
  timestamp: '2024-03-07T06:57:42.626Z'
}
{
  meta: {
    req: {
      url: '/api/employer/login',
      headers: {
        'content-type': 'application/json',
        'user-agent': 'PostmanRuntime/7.36.3',
        accept: '*/*',
        'postman-token': 'd46add2b-7d84-4c47-8f4b-278ca2b0fe09',
        host: 'localhost:3000',
        'accept-encoding': 'gzip, deflate, br',
        connection: 'keep-alive',
        'content-length': '84',
        cookie: 'refreshToken=eyJhbGciOiJIUzI1NiIsInR5cCI6IkpXVCJ9.eyJpZCI6IjIxIiwiaXNfYWN0aXZlIjp0cnVlLCJpYXQiOjE3MDk3OTQwNDEsImV4cCI6MTcwOTc5NTg0MX0.eU33x9PTzj0_fNZdhaTSarUYP9PxocNICo5oNlmNwtk'
      },
      method: 'POST',
      httpVersion: '1.1',
      originalUrl: '/api/employer/login',
      query: {}
    },
    res: { statusCode: 500 },
    responseTime: 16
  },
  level: 'info',
  message: 'POST /api/employer/login 500 16ms',
  timestamp: '2024-03-07T06:57:50.782Z'
}
{
  meta: {
    req: {
      url: '/api/employer/login',
      headers: {
        'content-type': 'application/json',
        'user-agent': 'PostmanRuntime/7.36.3',
        accept: '*/*',
        'postman-token': '84265830-9472-4222-9332-8fc99e18bd5e',
        host: 'localhost:3000',
        'accept-encoding': 'gzip, deflate, br',
        connection: 'keep-alive',
        'content-length': '84',
        cookie: 'refreshToken=eyJhbGciOiJIUzI1NiIsInR5cCI6IkpXVCJ9.eyJpZCI6IjIxIiwiaXNfYWN0aXZlIjp0cnVlLCJpYXQiOjE3MDk3OTQwNDEsImV4cCI6MTcwOTc5NTg0MX0.eU33x9PTzj0_fNZdhaTSarUYP9PxocNICo5oNlmNwtk'
      },
      method: 'POST',
      httpVersion: '1.1',
      originalUrl: '/api/employer/login',
      query: {}
    },
    res: { statusCode: 200 },
    responseTime: 144
  },
  level: 'info',
  message: 'POST /api/employer/login 200 144ms',
  timestamp: '2024-03-07T06:58:45.239Z'
}
{
  meta: {
    req: {
      url: '/api/employer/logout',
      headers: {
        'user-agent': 'PostmanRuntime/7.36.3',
        accept: '*/*',
        'postman-token': 'a8527fd9-0d39-4039-ae4c-9616ebde63a4',
        host: 'localhost:3000',
        'accept-encoding': 'gzip, deflate, br',
        connection: 'keep-alive',
        cookie: 'refreshToken=eyJhbGciOiJIUzI1NiIsInR5cCI6IkpXVCJ9.eyJpZCI6IjQiLCJpYXQiOjE3MDk3OTQ3MjUsImV4cCI6MTcwOTc5NjUyNX0.e8_kXngaKNYxKdjhPrQxTQPQocc5kk1pQHrVIVdTrhg',
        'content-length': '0'
      },
      method: 'POST',
      httpVersion: '1.1',
      originalUrl: '/api/employer/logout',
      query: {}
    },
    res: { statusCode: 400 },
    responseTime: 5
  },
  level: 'info',
  message: 'POST /api/employer/logout 400 5ms',
  timestamp: '2024-03-07T06:58:53.231Z'
}
{
  meta: {
    req: {
      url: '/api/employer/logout',
      headers: {
        'user-agent': 'PostmanRuntime/7.36.3',
        accept: '*/*',
        'postman-token': '4e2b49fc-81df-45d0-a5f3-5d01baf2a066',
        host: 'localhost:3000',
        'accept-encoding': 'gzip, deflate, br',
        connection: 'keep-alive',
        cookie: 'refreshToken=eyJhbGciOiJIUzI1NiIsInR5cCI6IkpXVCJ9.eyJpZCI6IjQiLCJpYXQiOjE3MDk3OTQ3MjUsImV4cCI6MTcwOTc5NjUyNX0.e8_kXngaKNYxKdjhPrQxTQPQocc5kk1pQHrVIVdTrhg',
        'content-length': '0'
      },
      method: 'POST',
      httpVersion: '1.1',
      originalUrl: '/api/employer/logout',
      query: {}
    },
    res: { statusCode: 200 },
    responseTime: 126
  },
  level: 'info',
  message: 'POST /api/employer/logout 200 126ms',
  timestamp: '2024-03-07T07:00:04.834Z'
}
{
  meta: {
    req: {
      url: '/api/employer/login',
      headers: {
        'content-type': 'application/json',
        'user-agent': 'PostmanRuntime/7.36.3',
        accept: '*/*',
        'postman-token': '705c0b6d-54c5-4ee5-b249-d6d44b37cc5c',
        host: 'localhost:3000',
        'accept-encoding': 'gzip, deflate, br',
        connection: 'keep-alive',
        'content-length': '84'
      },
      method: 'POST',
      httpVersion: '1.1',
      originalUrl: '/api/employer/login',
      query: {}
    },
    res: { statusCode: 200 },
    responseTime: 204
  },
  level: 'info',
  message: 'POST /api/employer/login 200 204ms',
  timestamp: '2024-03-07T07:00:15.245Z'
}
{
  meta: {
    req: {
      url: '/api/employer/refresh',
      headers: {
        'user-agent': 'PostmanRuntime/7.36.3',
        accept: '*/*',
        'postman-token': '822dec44-dc8b-48b1-939d-f591eea8c977',
        host: 'localhost:3000',
        'accept-encoding': 'gzip, deflate, br',
        connection: 'keep-alive',
        cookie: 'refreshToken=eyJhbGciOiJIUzI1NiIsInR5cCI6IkpXVCJ9.eyJpZCI6IjQiLCJpYXQiOjE3MDk3OTQ4MTUsImV4cCI6MTcwOTc5NjYxNX0.iiYoNw_CdRh_yvUH1v38qSgVAkyn3Lk3ji5JMQVNr5w',
        'content-length': '0'
      },
      method: 'POST',
      httpVersion: '1.1',
      originalUrl: '/api/employer/refresh',
      query: {}
    },
    res: { statusCode: 403 },
    responseTime: 6
  },
  level: 'info',
  message: 'POST /api/employer/refresh 403 6ms',
  timestamp: '2024-03-07T07:00:20.199Z'
}
{
  meta: {
    req: {
      url: '/api/employer/refresh',
      headers: {
        'user-agent': 'PostmanRuntime/7.36.3',
        accept: '*/*',
        'postman-token': '4e21fceb-8ece-4c7f-aaef-b028771bfd6d',
        host: 'localhost:3000',
        'accept-encoding': 'gzip, deflate, br',
        connection: 'keep-alive',
        cookie: 'refreshToken=eyJhbGciOiJIUzI1NiIsInR5cCI6IkpXVCJ9.eyJpZCI6IjQiLCJpYXQiOjE3MDk3OTQ4MTUsImV4cCI6MTcwOTc5NjYxNX0.iiYoNw_CdRh_yvUH1v38qSgVAkyn3Lk3ji5JMQVNr5w',
        'content-length': '0'
      },
      method: 'POST',
      httpVersion: '1.1',
      originalUrl: '/api/employer/refresh',
      query: {}
    },
    res: { statusCode: 403 },
    responseTime: 121
  },
  level: 'info',
  message: 'POST /api/employer/refresh 403 121ms',
  timestamp: '2024-03-07T07:01:12.191Z'
}
{
  meta: {
    req: {
      url: '/api/employer/refresh',
      headers: {
        'user-agent': 'PostmanRuntime/7.36.3',
        accept: '*/*',
        'postman-token': '639382d0-1faf-44f3-b704-917ca30ad12f',
        host: 'localhost:3000',
        'accept-encoding': 'gzip, deflate, br',
        connection: 'keep-alive',
        cookie: 'refreshToken=eyJhbGciOiJIUzI1NiIsInR5cCI6IkpXVCJ9.eyJpZCI6IjQiLCJpYXQiOjE3MDk3OTQ4MTUsImV4cCI6MTcwOTc5NjYxNX0.iiYoNw_CdRh_yvUH1v38qSgVAkyn3Lk3ji5JMQVNr5w',
        'content-length': '0'
      },
      method: 'POST',
      httpVersion: '1.1',
      originalUrl: '/api/employer/refresh',
      query: {}
    },
    res: { statusCode: 200 },
    responseTime: 130
  },
  level: 'info',
  message: 'POST /api/employer/refresh 200 130ms',
  timestamp: '2024-03-07T07:02:34.799Z'
}
{
  meta: {
    req: {
      url: '/api/job/1',
      headers: {
        'user-agent': 'PostmanRuntime/7.36.3',
        accept: '*/*',
        'postman-token': '0a87d229-8db0-4e76-af37-b7777668448a',
        host: 'localhost:3000',
        'accept-encoding': 'gzip, deflate, br',
        connection: 'keep-alive',
        cookie: 'refreshToken=eyJhbGciOiJIUzI1NiIsInR5cCI6IkpXVCJ9.eyJpZCI6IjQiLCJpc19hY3RpdmUiOnRydWUsImlhdCI6MTcwOTc5NDk1NCwiZXhwIjoxNzA5Nzk2NzU0fQ.5B-sCcNfuPbbdlVSdJFg9-0jFr8xyG8ZfCrlxYmQXKQ'
      },
      method: 'GET',
      httpVersion: '1.1',
      originalUrl: '/api/job/1',
      query: {}
    },
    res: { statusCode: 200 },
    responseTime: 116
  },
  level: 'info',
  message: 'GET /api/job/1 200 116ms',
  timestamp: '2024-03-07T07:10:24.465Z'
}
{
  meta: {
    req: {
      url: '/api/job/1',
      headers: {
        'user-agent': 'PostmanRuntime/7.36.3',
        accept: '*/*',
        'postman-token': '7f60a094-e3f7-4f61-9795-fce882796f5e',
        host: 'localhost:3000',
        'accept-encoding': 'gzip, deflate, br',
        connection: 'keep-alive',
        cookie: 'refreshToken=eyJhbGciOiJIUzI1NiIsInR5cCI6IkpXVCJ9.eyJpZCI6IjQiLCJpc19hY3RpdmUiOnRydWUsImlhdCI6MTcwOTc5NDk1NCwiZXhwIjoxNzA5Nzk2NzU0fQ.5B-sCcNfuPbbdlVSdJFg9-0jFr8xyG8ZfCrlxYmQXKQ'
      },
      method: 'GET',
      httpVersion: '1.1',
      originalUrl: '/api/job/1',
      query: {}
    },
    res: { statusCode: 200 },
    responseTime: 68
  },
  level: 'info',
  message: 'GET /api/job/1 200 68ms',
  timestamp: '2024-03-07T07:10:38.154Z'
}
{
  meta: {
    req: {
      url: '/api/job/1',
      headers: {
        'user-agent': 'PostmanRuntime/7.36.3',
        accept: '*/*',
        'postman-token': '5698e9d1-3294-4e74-b390-db8ff3ecaec1',
        host: 'localhost:3000',
        'accept-encoding': 'gzip, deflate, br',
        connection: 'keep-alive',
        cookie: 'refreshToken=eyJhbGciOiJIUzI1NiIsInR5cCI6IkpXVCJ9.eyJpZCI6IjQiLCJpc19hY3RpdmUiOnRydWUsImlhdCI6MTcwOTc5NDk1NCwiZXhwIjoxNzA5Nzk2NzU0fQ.5B-sCcNfuPbbdlVSdJFg9-0jFr8xyG8ZfCrlxYmQXKQ'
      },
      method: 'GET',
      httpVersion: '1.1',
      originalUrl: '/api/job/1',
      query: {}
    },
    res: { statusCode: 200 },
    responseTime: 97
  },
  level: 'info',
  message: 'GET /api/job/1 200 97ms',
  timestamp: '2024-03-07T07:11:10.177Z'
}
{
  meta: {
    req: {
      url: '/api/job/',
      headers: {
        'user-agent': 'PostmanRuntime/7.36.3',
        accept: '*/*',
        'postman-token': 'bc6ea861-c00a-4880-b157-368f231d40c7',
        host: 'localhost:3000',
        'accept-encoding': 'gzip, deflate, br',
        connection: 'keep-alive',
        cookie: 'refreshToken=eyJhbGciOiJIUzI1NiIsInR5cCI6IkpXVCJ9.eyJpZCI6IjQiLCJpc19hY3RpdmUiOnRydWUsImlhdCI6MTcwOTc5NDk1NCwiZXhwIjoxNzA5Nzk2NzU0fQ.5B-sCcNfuPbbdlVSdJFg9-0jFr8xyG8ZfCrlxYmQXKQ'
      },
      method: 'GET',
      httpVersion: '1.1',
      originalUrl: '/api/job/',
      query: {}
    },
    res: { statusCode: 200 },
    responseTime: 90
  },
  level: 'info',
  message: 'GET /api/job/ 200 90ms',
  timestamp: '2024-03-07T07:11:22.310Z'
}
{
  meta: {
    req: {
      url: '/api/job/1',
      headers: {
        'user-agent': 'PostmanRuntime/7.36.3',
        accept: '*/*',
        'postman-token': 'a69cc301-9c68-41e7-9075-a11ddd1d1342',
        host: 'localhost:3000',
        'accept-encoding': 'gzip, deflate, br',
        connection: 'keep-alive',
        cookie: 'refreshToken=eyJhbGciOiJIUzI1NiIsInR5cCI6IkpXVCJ9.eyJpZCI6IjQiLCJpc19hY3RpdmUiOnRydWUsImlhdCI6MTcwOTc5NDk1NCwiZXhwIjoxNzA5Nzk2NzU0fQ.5B-sCcNfuPbbdlVSdJFg9-0jFr8xyG8ZfCrlxYmQXKQ'
      },
      method: 'GET',
      httpVersion: '1.1',
      originalUrl: '/api/job/1',
      query: {}
    },
    res: { statusCode: 200 },
    responseTime: 7
  },
  level: 'info',
  message: 'GET /api/job/1 200 7ms',
  timestamp: '2024-03-07T07:11:28.566Z'
}
{
  meta: {
    req: {
      url: '/api/job/1',
      headers: {
        'user-agent': 'PostmanRuntime/7.36.3',
        accept: '*/*',
        'postman-token': '25e31525-43a0-4d90-91f7-b3d9de94803c',
        host: 'localhost:3000',
        'accept-encoding': 'gzip, deflate, br',
        connection: 'keep-alive',
        cookie: 'refreshToken=eyJhbGciOiJIUzI1NiIsInR5cCI6IkpXVCJ9.eyJpZCI6IjQiLCJpc19hY3RpdmUiOnRydWUsImlhdCI6MTcwOTc5NDk1NCwiZXhwIjoxNzA5Nzk2NzU0fQ.5B-sCcNfuPbbdlVSdJFg9-0jFr8xyG8ZfCrlxYmQXKQ'
      },
      method: 'GET',
      httpVersion: '1.1',
      originalUrl: '/api/job/1',
      query: {}
    },
    res: { statusCode: 200 },
    responseTime: 99
  },
  level: 'info',
  message: 'GET /api/job/1 200 99ms',
  timestamp: '2024-03-07T07:12:27.710Z'
}
{
  meta: {
    req: {
      url: '/api/job/1',
      headers: {
        'user-agent': 'PostmanRuntime/7.36.3',
        accept: '*/*',
        'postman-token': 'b5815ba7-13e1-4643-99a1-1f659b0e3b6c',
        host: 'localhost:3000',
        'accept-encoding': 'gzip, deflate, br',
        connection: 'keep-alive',
        cookie: 'refreshToken=eyJhbGciOiJIUzI1NiIsInR5cCI6IkpXVCJ9.eyJpZCI6IjQiLCJpc19hY3RpdmUiOnRydWUsImlhdCI6MTcwOTc5NDk1NCwiZXhwIjoxNzA5Nzk2NzU0fQ.5B-sCcNfuPbbdlVSdJFg9-0jFr8xyG8ZfCrlxYmQXKQ'
      },
      method: 'GET',
      httpVersion: '1.1',
      originalUrl: '/api/job/1',
      query: {}
    },
    res: { statusCode: 500 },
    responseTime: 101
  },
  level: 'info',
  message: 'GET /api/job/1 500 101ms',
  timestamp: '2024-03-07T07:12:55.762Z'
}
{
  meta: {
    req: {
      url: '/api/job/1',
      headers: {
        'user-agent': 'PostmanRuntime/7.36.3',
        accept: '*/*',
        'postman-token': 'e2de8697-3ec3-4e99-9657-f9620e191767',
        host: 'localhost:3000',
        'accept-encoding': 'gzip, deflate, br',
        connection: 'keep-alive',
        cookie: 'refreshToken=eyJhbGciOiJIUzI1NiIsInR5cCI6IkpXVCJ9.eyJpZCI6IjQiLCJpc19hY3RpdmUiOnRydWUsImlhdCI6MTcwOTc5NDk1NCwiZXhwIjoxNzA5Nzk2NzU0fQ.5B-sCcNfuPbbdlVSdJFg9-0jFr8xyG8ZfCrlxYmQXKQ'
      },
      method: 'GET',
      httpVersion: '1.1',
      originalUrl: '/api/job/1',
      query: {}
    },
    res: { statusCode: 200 },
    responseTime: 107
  },
  level: 'info',
  message: 'GET /api/job/1 200 107ms',
  timestamp: '2024-03-07T07:13:07.436Z'
}
{
  meta: {
    req: {
      url: '/api/job/1',
      headers: {
        'user-agent': 'PostmanRuntime/7.36.3',
        accept: '*/*',
        'postman-token': 'e81e11c8-188d-410f-b117-93ab22f98421',
        host: 'localhost:3000',
        'accept-encoding': 'gzip, deflate, br',
        connection: 'keep-alive',
        cookie: 'refreshToken=eyJhbGciOiJIUzI1NiIsInR5cCI6IkpXVCJ9.eyJpZCI6IjQiLCJpc19hY3RpdmUiOnRydWUsImlhdCI6MTcwOTc5NDk1NCwiZXhwIjoxNzA5Nzk2NzU0fQ.5B-sCcNfuPbbdlVSdJFg9-0jFr8xyG8ZfCrlxYmQXKQ'
      },
      method: 'GET',
      httpVersion: '1.1',
      originalUrl: '/api/job/1',
      query: {}
    },
    res: { statusCode: 200 },
    responseTime: 102
  },
  level: 'info',
  message: 'GET /api/job/1 200 102ms',
  timestamp: '2024-03-07T07:13:58.294Z'
}
{
  meta: {
    req: {
      url: '/api/admin/login',
      headers: {
        'content-type': 'application/json',
        'user-agent': 'PostmanRuntime/7.36.3',
        accept: '*/*',
        'postman-token': '7ee0d322-7a4d-44fc-814a-234935769db2',
        host: 'localhost:3000',
        'accept-encoding': 'gzip, deflate, br',
        connection: 'keep-alive',
        'content-length': '69',
        cookie: 'refreshToken=eyJhbGciOiJIUzI1NiIsInR5cCI6IkpXVCJ9.eyJpZCI6IjQiLCJpc19hY3RpdmUiOnRydWUsImlhdCI6MTcwOTc5NDk1NCwiZXhwIjoxNzA5Nzk2NzU0fQ.5B-sCcNfuPbbdlVSdJFg9-0jFr8xyG8ZfCrlxYmQXKQ'
      },
      method: 'POST',
      httpVersion: '1.1',
      originalUrl: '/api/admin/login',
      query: {}
    },
    res: { statusCode: 200 },
    responseTime: 113
  },
  level: 'info',
  message: 'POST /api/admin/login 200 113ms',
  timestamp: '2024-03-07T07:16:08.292Z'
}
{
  meta: {
    req: {
      url: '/api/admin/',
      headers: {
        'content-type': 'application/json',
        authorization: 'Bearer eyJhbGciOiJIUzI1NiIsInR5cCI6IkpXVCJ9.eyJpZCI6IjIxIiwiaXNfYWN0aXZlIjp0cnVlLCJpYXQiOjE3MDk3OTU3NjgsImV4cCI6MTcwOTc5NjY2OH0.VVnXg2_7h0RqVCTYVMtykXUpumaGjVYVIy7D_yMst_s',
        'user-agent': 'PostmanRuntime/7.36.3',
        accept: '*/*',
        'postman-token': 'd35ad6a8-d403-4e61-ae98-a5f7751cb526',
        host: 'localhost:3000',
        'accept-encoding': 'gzip, deflate, br',
        connection: 'keep-alive',
        'content-length': '241',
        cookie: 'refreshToken=eyJhbGciOiJIUzI1NiIsInR5cCI6IkpXVCJ9.eyJpZCI6IjIxIiwiaXNfYWN0aXZlIjp0cnVlLCJpYXQiOjE3MDk3OTU3NjgsImV4cCI6MTcwOTc5NzU2OH0.pvt-6h5XP1wKV6y8zegUxOacwBC_KRzUFj1TwQWG8Uc'
      },
      method: 'POST',
      httpVersion: '1.1',
      originalUrl: '/api/admin/',
      query: {}
    },
    res: { statusCode: 401 },
    responseTime: 5
  },
  level: 'info',
  message: 'POST /api/admin/ 401 5ms',
  timestamp: '2024-03-07T07:16:48.300Z'
}
{
  meta: {
    req: {
      url: '/api/vacansy',
      headers: {
        'content-type': 'application/json',
        'user-agent': 'PostmanRuntime/7.36.3',
        accept: '*/*',
        'postman-token': 'c133ec5b-5f5d-4a2c-9aec-99fd131cce84',
        host: 'localhost:3000',
        'accept-encoding': 'gzip, deflate, br',
        connection: 'keep-alive',
        'content-length': '124',
        cookie: 'refreshToken=eyJhbGciOiJIUzI1NiIsInR5cCI6IkpXVCJ9.eyJpZCI6IjIxIiwiaXNfYWN0aXZlIjp0cnVlLCJpYXQiOjE3MDk3OTU3NjgsImV4cCI6MTcwOTc5NzU2OH0.pvt-6h5XP1wKV6y8zegUxOacwBC_KRzUFj1TwQWG8Uc'
      },
      method: 'POST',
      httpVersion: '1.1',
      originalUrl: '/api/vacansy',
      query: {}
    },
    res: { statusCode: 400 },
    responseTime: 17
  },
  level: 'info',
  message: 'POST /api/vacansy 400 17ms',
  timestamp: '2024-03-07T07:22:30.778Z'
}
{
  meta: {
    req: {
      url: '/api/vacansy',
      headers: {
        'content-type': 'application/json',
        'user-agent': 'PostmanRuntime/7.36.3',
        accept: '*/*',
        'postman-token': '5fc87cb7-e278-4b07-86ed-73082263aefd',
        host: 'localhost:3000',
        'accept-encoding': 'gzip, deflate, br',
        connection: 'keep-alive',
        'content-length': '123',
        cookie: 'refreshToken=eyJhbGciOiJIUzI1NiIsInR5cCI6IkpXVCJ9.eyJpZCI6IjIxIiwiaXNfYWN0aXZlIjp0cnVlLCJpYXQiOjE3MDk3OTU3NjgsImV4cCI6MTcwOTc5NzU2OH0.pvt-6h5XP1wKV6y8zegUxOacwBC_KRzUFj1TwQWG8Uc'
      },
      method: 'POST',
      httpVersion: '1.1',
      originalUrl: '/api/vacansy',
      query: {}
    },
    res: { statusCode: 200 },
    responseTime: 158
  },
  level: 'info',
  message: 'POST /api/vacansy 200 158ms',
  timestamp: '2024-03-07T07:22:39.622Z'
}
{
  meta: {
    req: {
      url: '/api/admin/login',
      headers: {
        'content-type': 'application/json',
        'user-agent': 'PostmanRuntime/7.36.3',
        accept: '*/*',
        'postman-token': '3aeafa3c-1db4-442a-af4d-24c0d0b19b57',
        host: 'localhost:3000',
        'accept-encoding': 'gzip, deflate, br',
        connection: 'keep-alive',
        'content-length': '69',
        cookie: 'refreshToken=eyJhbGciOiJIUzI1NiIsInR5cCI6IkpXVCJ9.eyJpZCI6IjIxIiwiaXNfYWN0aXZlIjp0cnVlLCJpYXQiOjE3MDk3OTU3NjgsImV4cCI6MTcwOTc5NzU2OH0.pvt-6h5XP1wKV6y8zegUxOacwBC_KRzUFj1TwQWG8Uc'
      },
      method: 'POST',
      httpVersion: '1.1',
      originalUrl: '/api/admin/login',
      query: {}
    },
    res: { statusCode: 200 },
    responseTime: 167
  },
  level: 'info',
  message: 'POST /api/admin/login 200 167ms',
  timestamp: '2024-03-07T07:28:42.626Z'
}
{
  meta: {
    req: {
      url: '/api/country/',
      headers: {
        'content-type': 'application/json',
        authorization: 'Bearer eyJhbGciOiJIUzI1NiIsInR5cCI6IkpXVCJ9.eyJpZCI6IjIxIiwiaXNfYWN0aXZlIjp0cnVlLCJpYXQiOjE3MDk3OTY1MjIsImV4cCI6MTcwOTc5NzQyMn0.MUCZu7Vx8EDYxpU1KVRQsHFGT6WRgAUER4UYxFmtTKk',
        'user-agent': 'PostmanRuntime/7.36.3',
        accept: '*/*',
        'postman-token': 'a7f4ab91-78e7-4662-a981-a68225fa775c',
        host: 'localhost:3000',
        'accept-encoding': 'gzip, deflate, br',
        connection: 'keep-alive',
        'content-length': '45',
        cookie: 'refreshToken=eyJhbGciOiJIUzI1NiIsInR5cCI6IkpXVCJ9.eyJpZCI6IjIxIiwiaXNfYWN0aXZlIjp0cnVlLCJpYXQiOjE3MDk3OTY1MjIsImV4cCI6MTcwOTc5ODMyMn0.ZU-wCcoEbPQJG0SPjjmzyaIn5BKr0fw8PC3ocjc9cI8'
      },
      method: 'POST',
      httpVersion: '1.1',
      originalUrl: '/api/country/',
      query: {}
    },
    res: { statusCode: 200 },
    responseTime: 78
  },
  level: 'info',
  message: 'POST /api/country/ 200 78ms',
  timestamp: '2024-03-07T07:29:37.813Z'
}
{
  meta: {
    req: {
      url: '/api/country/',
      headers: {
        'content-type': 'application/json',
        authorization: 'Bearer eyJhbGciOiJIUzI1NiIsInR5cCI6IkpXVCJ9.eyJpZCI6IjIxIiwiaXNfYWN0aXZlIjp0cnVlLCJpYXQiOjE3MDk3OTY1MjIsImV4cCI6MTcwOTc5NzQyMn0.MUCZu7Vx8EDYxpU1KVRQsHFGT6WRgAUER4UYxFmtTKk',
        'user-agent': 'PostmanRuntime/7.36.3',
        accept: '*/*',
        'postman-token': '49a626cd-54d0-4ce0-8179-6e4b6c788d0a',
        host: 'localhost:3000',
        'accept-encoding': 'gzip, deflate, br',
        connection: 'keep-alive',
        'content-length': '45',
        cookie: 'refreshToken=eyJhbGciOiJIUzI1NiIsInR5cCI6IkpXVCJ9.eyJpZCI6IjIxIiwiaXNfYWN0aXZlIjp0cnVlLCJpYXQiOjE3MDk3OTY1MjIsImV4cCI6MTcwOTc5ODMyMn0.ZU-wCcoEbPQJG0SPjjmzyaIn5BKr0fw8PC3ocjc9cI8'
      },
      method: 'POST',
      httpVersion: '1.1',
      originalUrl: '/api/country/',
      query: {}
    },
    res: { statusCode: 200 },
    responseTime: 71
  },
  level: 'info',
  message: 'POST /api/country/ 200 71ms',
  timestamp: '2024-03-07T07:29:48.990Z'
}
{
  meta: {
    req: {
      url: '/api/admin/refresh/',
      headers: {
        'user-agent': 'PostmanRuntime/7.36.3',
        accept: '*/*',
        'postman-token': '4b3505dd-8948-415d-be42-f200731aa9c5',
        host: 'localhost:3000',
        'accept-encoding': 'gzip, deflate, br',
        connection: 'keep-alive',
        cookie: 'refreshToken=eyJhbGciOiJIUzI1NiIsInR5cCI6IkpXVCJ9.eyJpZCI6IjIxIiwiaXNfYWN0aXZlIjp0cnVlLCJpYXQiOjE3MDk3OTY1MjIsImV4cCI6MTcwOTc5ODMyMn0.ZU-wCcoEbPQJG0SPjjmzyaIn5BKr0fw8PC3ocjc9cI8',
        'content-length': '0'
      },
      method: 'POST',
      httpVersion: '1.1',
      originalUrl: '/api/admin/refresh/',
      query: {}
    },
    res: { statusCode: 200 },
    responseTime: 205
  },
  level: 'info',
  message: 'POST /api/admin/refresh/ 200 205ms',
  timestamp: '2024-03-07T07:30:20.400Z'
}
{
  meta: {
    req: {
      url: '/api/worker/',
      headers: {
        'content-type': 'application/json',
        'user-agent': 'PostmanRuntime/7.36.3',
        accept: '*/*',
        'postman-token': 'dfd1f3f2-353b-47bc-9119-8eb7e364afdf',
        host: 'localhost:3000',
        'accept-encoding': 'gzip, deflate, br',
        connection: 'keep-alive',
        'content-length': '482',
        cookie: 'refreshToken=eyJhbGciOiJIUzI1NiIsInR5cCI6IkpXVCJ9.eyJpZCI6IjIxIiwiaXNfYWN0aXZlIjp0cnVlLCJpYXQiOjE3MDk3OTY2MjAsImV4cCI6MTcwOTc5ODQyMH0.d6Uu7kZ1XdzQEEwWMGvzItUC36cJ6LFrAHIB6HczwB0'
      },
      method: 'POST',
      httpVersion: '1.1',
      originalUrl: '/api/worker/',
      query: {}
    },
    res: { statusCode: 200 },
    responseTime: 1887
  },
  level: 'info',
  message: 'POST /api/worker/ 200 1887ms',
  timestamp: '2024-03-07T07:36:00.532Z'
}
{
  meta: {
    req: {
      url: '/api/worker/activate/41446f32-32a1-4008-a5ec-168b17424a70',
      headers: {
        host: 'localhost:3000',
        connection: 'keep-alive',
        'upgrade-insecure-requests': '1',
        'user-agent': 'Mozilla/5.0 (Windows NT 10.0; Win64; x64) AppleWebKit/537.36 (KHTML, like Gecko) Chrome/122.0.0.0 Safari/537.36',
        accept: 'text/html,application/xhtml+xml,application/xml;q=0.9,image/avif,image/webp,image/apng,*/*;q=0.8,application/signed-exchange;v=b3;q=0.7',
        'sec-fetch-site': 'cross-site',
        'sec-fetch-mode': 'navigate',
        'sec-fetch-user': '?1',
        'sec-fetch-dest': 'document',
        'sec-ch-ua': '"Chromium";v="122", "Not(A:Brand";v="24", "Google Chrome";v="122"',
        'sec-ch-ua-mobile': '?0',
        'sec-ch-ua-platform': '"Windows"',
        'accept-encoding': 'gzip, deflate, br, zstd',
        'accept-language': 'ru-RU,ru;q=0.9,en-US;q=0.8,en;q=0.7,en-GB;q=0.6,uz;q=0.5'
      },
      method: 'GET',
      httpVersion: '1.1',
      originalUrl: '/api/worker/activate/41446f32-32a1-4008-a5ec-168b17424a70',
      query: {}
    },
    res: { statusCode: 200 },
    responseTime: 80
  },
  level: 'info',
  message: 'GET /api/worker/activate/41446f32-32a1-4008-a5ec-168b17424a70 200 80ms',
  timestamp: '2024-03-07T07:36:15.618Z'
}
{
  meta: {
    req: {
      url: '/favicon.ico',
      headers: {
        host: 'localhost:3000',
        connection: 'keep-alive',
        'sec-ch-ua': '"Chromium";v="122", "Not(A:Brand";v="24", "Google Chrome";v="122"',
        'sec-ch-ua-mobile': '?0',
        'user-agent': 'Mozilla/5.0 (Windows NT 10.0; Win64; x64) AppleWebKit/537.36 (KHTML, like Gecko) Chrome/122.0.0.0 Safari/537.36',
        'sec-ch-ua-platform': '"Windows"',
        accept: 'image/avif,image/webp,image/apng,image/svg+xml,image/*,*/*;q=0.8',
        'sec-fetch-site': 'same-origin',
        'sec-fetch-mode': 'no-cors',
        'sec-fetch-dest': 'image',
        referer: 'http://localhost:3000/api/worker/activate/41446f32-32a1-4008-a5ec-168b17424a70',
        'accept-encoding': 'gzip, deflate, br, zstd',
        'accept-language': 'ru-RU,ru;q=0.9,en-US;q=0.8,en;q=0.7,en-GB;q=0.6,uz;q=0.5'
      },
      method: 'GET',
      httpVersion: '1.1',
      originalUrl: '/favicon.ico',
      query: {}
    },
    res: { statusCode: 404 },
    responseTime: 5
  },
  level: 'info',
  message: 'GET /favicon.ico 404 5ms',
  timestamp: '2024-03-07T07:36:15.709Z'
}
